{"/Users/jonathanwalker/Documents/CODE/hooks-training/src/App.js": {"path":"/Users/jonathanwalker/Documents/CODE/hooks-training/src/App.js","statementMap":{"0":{"start":{"line":11,"column":15},"end":{"line":28,"column":1}},"1":{"start":{"line":30,"column":14},"end":{"line":47,"column":1}},"2":{"start":{"line":50,"column":2},"end":{"line":54,"column":3}},"3":{"start":{"line":58,"column":2},"end":{"line":73,"column":3}},"4":{"start":{"line":80,"column":2},"end":{"line":88,"column":4}},"5":{"start":{"line":81,"column":4},"end":{"line":87,"column":11}},"6":{"start":{"line":82,"column":6},"end":{"line":86,"column":7}},"7":{"start":{"line":83,"column":8},"end":{"line":83,"column":17}},"8":{"start":{"line":85,"column":8},"end":{"line":85,"column":43}},"9":{"start":{"line":92,"column":32},"end":{"line":92,"column":92}},"10":{"start":{"line":94,"column":2},"end":{"line":98,"column":3}},"11":{"start":{"line":102,"column":41},"end":{"line":102,"column":111}},"12":{"start":{"line":104,"column":2},"end":{"line":108,"column":3}},"13":{"start":{"line":112,"column":2},"end":{"line":126,"column":3}}},"fnMap":{"0":{"name":"Home","decl":{"start":{"line":49,"column":9},"end":{"line":49,"column":13}},"loc":{"start":{"line":49,"column":16},"end":{"line":55,"column":1}},"line":49},"1":{"name":"ExerciseContainer","decl":{"start":{"line":57,"column":9},"end":{"line":57,"column":26}},"loc":{"start":{"line":57,"column":64},"end":{"line":74,"column":1}},"line":57},"2":{"name":"updateUsername","decl":{"start":{"line":79,"column":15},"end":{"line":79,"column":29}},"loc":{"start":{"line":79,"column":40},"end":{"line":89,"column":1}},"line":79},"3":{"name":"(anonymous_3)","decl":{"start":{"line":80,"column":21},"end":{"line":80,"column":22}},"loc":{"start":{"line":80,"column":42},"end":{"line":88,"column":3}},"line":80},"4":{"name":"(anonymous_4)","decl":{"start":{"line":81,"column":15},"end":{"line":81,"column":16}},"loc":{"start":{"line":81,"column":21},"end":{"line":87,"column":5}},"line":81},"5":{"name":"New","decl":{"start":{"line":91,"column":9},"end":{"line":91,"column":12}},"loc":{"start":{"line":91,"column":24},"end":{"line":99,"column":1}},"line":91},"6":{"name":"Completed","decl":{"start":{"line":101,"column":9},"end":{"line":101,"column":18}},"loc":{"start":{"line":101,"column":30},"end":{"line":109,"column":1}},"line":101},"7":{"name":"App","decl":{"start":{"line":111,"column":9},"end":{"line":111,"column":12}},"loc":{"start":{"line":111,"column":15},"end":{"line":127,"column":1}},"line":111}},"branchMap":{"0":{"loc":{"start":{"line":69,"column":62},"end":{"line":69,"column":97}},"type":"cond-expr","locations":[{"start":{"line":69,"column":74},"end":{"line":69,"column":84}},{"start":{"line":69,"column":87},"end":{"line":69,"column":97}}],"line":69},"1":{"loc":{"start":{"line":82,"column":6},"end":{"line":86,"column":7}},"type":"if","locations":[{"start":{"line":82,"column":6},"end":{"line":86,"column":7}},{"start":{"line":82,"column":6},"end":{"line":86,"column":7}}],"line":82}},"s":{"0":0,"1":0,"2":0,"3":0,"4":0,"5":0,"6":0,"7":0,"8":0,"9":0,"10":0,"11":0,"12":0,"13":0},"f":{"0":0,"1":0,"2":0,"3":0,"4":0,"5":0,"6":0,"7":0},"b":{"0":[0,0],"1":[0,0]},"hash":"d742e8f21b34bc95ee7f0c329a60af7b216fc580"}
,"/Users/jonathanwalker/Documents/CODE/hooks-training/src/index.js": {"path":"/Users/jonathanwalker/Documents/CODE/hooks-training/src/index.js","statementMap":{"0":{"start":{"line":7,"column":0},"end":{"line":12,"column":1}},"1":{"start":{"line":17,"column":0},"end":{"line":17,"column":26}}},"fnMap":{},"branchMap":{},"s":{"0":0,"1":0},"f":{},"b":{},"hash":"34b06cae74d35f98eae35b5006dfcc780d593579"}
,"/Users/jonathanwalker/Documents/CODE/hooks-training/src/serviceWorker.js": {"path":"/Users/jonathanwalker/Documents/CODE/hooks-training/src/serviceWorker.js","statementMap":{"0":{"start":{"line":13,"column":20},"end":{"line":21,"column":1}},"1":{"start":{"line":24,"column":2},"end":{"line":54,"column":3}},"2":{"start":{"line":26,"column":22},"end":{"line":26,"column":75}},"3":{"start":{"line":27,"column":4},"end":{"line":32,"column":5}},"4":{"start":{"line":31,"column":6},"end":{"line":31,"column":12}},"5":{"start":{"line":34,"column":4},"end":{"line":53,"column":6}},"6":{"start":{"line":35,"column":20},"end":{"line":35,"column":65}},"7":{"start":{"line":37,"column":6},"end":{"line":52,"column":7}},"8":{"start":{"line":39,"column":8},"end":{"line":39,"column":46}},"9":{"start":{"line":43,"column":8},"end":{"line":48,"column":10}},"10":{"start":{"line":44,"column":10},"end":{"line":47,"column":11}},"11":{"start":{"line":51,"column":8},"end":{"line":51,"column":38}},"12":{"start":{"line":58,"column":2},"end":{"line":98,"column":6}},"13":{"start":{"line":61,"column":6},"end":{"line":94,"column":7}},"14":{"start":{"line":62,"column":33},"end":{"line":62,"column":56}},"15":{"start":{"line":63,"column":8},"end":{"line":65,"column":9}},"16":{"start":{"line":64,"column":10},"end":{"line":64,"column":16}},"17":{"start":{"line":66,"column":8},"end":{"line":93,"column":9}},"18":{"start":{"line":67,"column":10},"end":{"line":92,"column":11}},"19":{"start":{"line":68,"column":12},"end":{"line":91,"column":13}},"20":{"start":{"line":72,"column":14},"end":{"line":75,"column":15}},"21":{"start":{"line":78,"column":14},"end":{"line":80,"column":15}},"22":{"start":{"line":79,"column":16},"end":{"line":79,"column":45}},"23":{"start":{"line":85,"column":14},"end":{"line":85,"column":63}},"24":{"start":{"line":88,"column":14},"end":{"line":90,"column":15}},"25":{"start":{"line":89,"column":16},"end":{"line":89,"column":46}},"26":{"start":{"line":97,"column":6},"end":{"line":97,"column":71}},"27":{"start":{"line":103,"column":2},"end":{"line":128,"column":6}},"28":{"start":{"line":108,"column":26},"end":{"line":108,"column":62}},"29":{"start":{"line":109,"column":6},"end":{"line":122,"column":7}},"30":{"start":{"line":114,"column":8},"end":{"line":118,"column":10}},"31":{"start":{"line":115,"column":10},"end":{"line":117,"column":12}},"32":{"start":{"line":116,"column":12},"end":{"line":116,"column":36}},"33":{"start":{"line":121,"column":8},"end":{"line":121,"column":38}},"34":{"start":{"line":125,"column":6},"end":{"line":127,"column":7}},"35":{"start":{"line":132,"column":2},"end":{"line":140,"column":3}},"36":{"start":{"line":133,"column":4},"end":{"line":139,"column":8}},"37":{"start":{"line":135,"column":8},"end":{"line":135,"column":33}},"38":{"start":{"line":138,"column":8},"end":{"line":138,"column":36}}},"fnMap":{"0":{"name":"register","decl":{"start":{"line":23,"column":16},"end":{"line":23,"column":24}},"loc":{"start":{"line":23,"column":33},"end":{"line":55,"column":1}},"line":23},"1":{"name":"(anonymous_1)","decl":{"start":{"line":34,"column":36},"end":{"line":34,"column":37}},"loc":{"start":{"line":34,"column":42},"end":{"line":53,"column":5}},"line":34},"2":{"name":"(anonymous_2)","decl":{"start":{"line":43,"column":43},"end":{"line":43,"column":44}},"loc":{"start":{"line":43,"column":49},"end":{"line":48,"column":9}},"line":43},"3":{"name":"registerValidSW","decl":{"start":{"line":57,"column":9},"end":{"line":57,"column":24}},"loc":{"start":{"line":57,"column":40},"end":{"line":99,"column":1}},"line":57},"4":{"name":"(anonymous_4)","decl":{"start":{"line":60,"column":10},"end":{"line":60,"column":11}},"loc":{"start":{"line":60,"column":28},"end":{"line":95,"column":5}},"line":60},"5":{"name":"(anonymous_5)","decl":{"start":{"line":61,"column":35},"end":{"line":61,"column":36}},"loc":{"start":{"line":61,"column":41},"end":{"line":94,"column":7}},"line":61},"6":{"name":"(anonymous_6)","decl":{"start":{"line":66,"column":41},"end":{"line":66,"column":42}},"loc":{"start":{"line":66,"column":47},"end":{"line":93,"column":9}},"line":66},"7":{"name":"(anonymous_7)","decl":{"start":{"line":96,"column":11},"end":{"line":96,"column":12}},"loc":{"start":{"line":96,"column":22},"end":{"line":98,"column":5}},"line":96},"8":{"name":"checkValidServiceWorker","decl":{"start":{"line":101,"column":9},"end":{"line":101,"column":32}},"loc":{"start":{"line":101,"column":48},"end":{"line":129,"column":1}},"line":101},"9":{"name":"(anonymous_9)","decl":{"start":{"line":106,"column":10},"end":{"line":106,"column":11}},"loc":{"start":{"line":106,"column":24},"end":{"line":123,"column":5}},"line":106},"10":{"name":"(anonymous_10)","decl":{"start":{"line":114,"column":43},"end":{"line":114,"column":44}},"loc":{"start":{"line":114,"column":61},"end":{"line":118,"column":9}},"line":114},"11":{"name":"(anonymous_11)","decl":{"start":{"line":115,"column":41},"end":{"line":115,"column":42}},"loc":{"start":{"line":115,"column":47},"end":{"line":117,"column":11}},"line":115},"12":{"name":"(anonymous_12)","decl":{"start":{"line":124,"column":11},"end":{"line":124,"column":12}},"loc":{"start":{"line":124,"column":17},"end":{"line":128,"column":5}},"line":124},"13":{"name":"unregister","decl":{"start":{"line":131,"column":16},"end":{"line":131,"column":26}},"loc":{"start":{"line":131,"column":29},"end":{"line":141,"column":1}},"line":131},"14":{"name":"(anonymous_14)","decl":{"start":{"line":134,"column":12},"end":{"line":134,"column":13}},"loc":{"start":{"line":134,"column":30},"end":{"line":136,"column":7}},"line":134},"15":{"name":"(anonymous_15)","decl":{"start":{"line":137,"column":13},"end":{"line":137,"column":14}},"loc":{"start":{"line":137,"column":24},"end":{"line":139,"column":7}},"line":137}},"branchMap":{"0":{"loc":{"start":{"line":14,"column":2},"end":{"line":20,"column":5}},"type":"binary-expr","locations":[{"start":{"line":14,"column":2},"end":{"line":14,"column":42}},{"start":{"line":16,"column":7},"end":{"line":16,"column":43}},{"start":{"line":18,"column":7},"end":{"line":20,"column":5}}],"line":14},"1":{"loc":{"start":{"line":24,"column":2},"end":{"line":54,"column":3}},"type":"if","locations":[{"start":{"line":24,"column":2},"end":{"line":54,"column":3}},{"start":{"line":24,"column":2},"end":{"line":54,"column":3}}],"line":24},"2":{"loc":{"start":{"line":24,"column":6},"end":{"line":24,"column":75}},"type":"binary-expr","locations":[{"start":{"line":24,"column":6},"end":{"line":24,"column":43}},{"start":{"line":24,"column":47},"end":{"line":24,"column":75}}],"line":24},"3":{"loc":{"start":{"line":27,"column":4},"end":{"line":32,"column":5}},"type":"if","locations":[{"start":{"line":27,"column":4},"end":{"line":32,"column":5}},{"start":{"line":27,"column":4},"end":{"line":32,"column":5}}],"line":27},"4":{"loc":{"start":{"line":37,"column":6},"end":{"line":52,"column":7}},"type":"if","locations":[{"start":{"line":37,"column":6},"end":{"line":52,"column":7}},{"start":{"line":37,"column":6},"end":{"line":52,"column":7}}],"line":37},"5":{"loc":{"start":{"line":63,"column":8},"end":{"line":65,"column":9}},"type":"if","locations":[{"start":{"line":63,"column":8},"end":{"line":65,"column":9}},{"start":{"line":63,"column":8},"end":{"line":65,"column":9}}],"line":63},"6":{"loc":{"start":{"line":67,"column":10},"end":{"line":92,"column":11}},"type":"if","locations":[{"start":{"line":67,"column":10},"end":{"line":92,"column":11}},{"start":{"line":67,"column":10},"end":{"line":92,"column":11}}],"line":67},"7":{"loc":{"start":{"line":68,"column":12},"end":{"line":91,"column":13}},"type":"if","locations":[{"start":{"line":68,"column":12},"end":{"line":91,"column":13}},{"start":{"line":68,"column":12},"end":{"line":91,"column":13}}],"line":68},"8":{"loc":{"start":{"line":78,"column":14},"end":{"line":80,"column":15}},"type":"if","locations":[{"start":{"line":78,"column":14},"end":{"line":80,"column":15}},{"start":{"line":78,"column":14},"end":{"line":80,"column":15}}],"line":78},"9":{"loc":{"start":{"line":78,"column":18},"end":{"line":78,"column":43}},"type":"binary-expr","locations":[{"start":{"line":78,"column":18},"end":{"line":78,"column":24}},{"start":{"line":78,"column":28},"end":{"line":78,"column":43}}],"line":78},"10":{"loc":{"start":{"line":88,"column":14},"end":{"line":90,"column":15}},"type":"if","locations":[{"start":{"line":88,"column":14},"end":{"line":90,"column":15}},{"start":{"line":88,"column":14},"end":{"line":90,"column":15}}],"line":88},"11":{"loc":{"start":{"line":88,"column":18},"end":{"line":88,"column":44}},"type":"binary-expr","locations":[{"start":{"line":88,"column":18},"end":{"line":88,"column":24}},{"start":{"line":88,"column":28},"end":{"line":88,"column":44}}],"line":88},"12":{"loc":{"start":{"line":109,"column":6},"end":{"line":122,"column":7}},"type":"if","locations":[{"start":{"line":109,"column":6},"end":{"line":122,"column":7}},{"start":{"line":109,"column":6},"end":{"line":122,"column":7}}],"line":109},"13":{"loc":{"start":{"line":110,"column":8},"end":{"line":111,"column":76}},"type":"binary-expr","locations":[{"start":{"line":110,"column":8},"end":{"line":110,"column":31}},{"start":{"line":111,"column":12},"end":{"line":111,"column":31}},{"start":{"line":111,"column":35},"end":{"line":111,"column":75}}],"line":110},"14":{"loc":{"start":{"line":132,"column":2},"end":{"line":140,"column":3}},"type":"if","locations":[{"start":{"line":132,"column":2},"end":{"line":140,"column":3}},{"start":{"line":132,"column":2},"end":{"line":140,"column":3}}],"line":132}},"s":{"0":0,"1":0,"2":0,"3":0,"4":0,"5":0,"6":0,"7":0,"8":0,"9":0,"10":0,"11":0,"12":0,"13":0,"14":0,"15":0,"16":0,"17":0,"18":0,"19":0,"20":0,"21":0,"22":0,"23":0,"24":0,"25":0,"26":0,"27":0,"28":0,"29":0,"30":0,"31":0,"32":0,"33":0,"34":0,"35":0,"36":0,"37":0,"38":0},"f":{"0":0,"1":0,"2":0,"3":0,"4":0,"5":0,"6":0,"7":0,"8":0,"9":0,"10":0,"11":0,"12":0,"13":0,"14":0,"15":0},"b":{"0":[0,0,0],"1":[0,0],"2":[0,0],"3":[0,0],"4":[0,0],"5":[0,0],"6":[0,0],"7":[0,0],"8":[0,0],"9":[0,0],"10":[0,0],"11":[0,0],"12":[0,0],"13":[0,0,0],"14":[0,0]},"hash":"46b749883469dd7f123613f75db2f20512b2c34d"}
,"/Users/jonathanwalker/Documents/CODE/hooks-training/src/exercises/10_will-unmount/index.js": {"path":"/Users/jonathanwalker/Documents/CODE/hooks-training/src/exercises/10_will-unmount/index.js","statementMap":{"0":{"start":{"line":6,"column":2},"end":{"line":6,"column":17}},"1":{"start":{"line":10,"column":23},"end":{"line":10,"column":39}},"2":{"start":{"line":11,"column":2},"end":{"line":34,"column":3}},"3":{"start":{"line":18,"column":43},"end":{"line":18,"column":95}},"4":{"start":{"line":18,"column":62},"end":{"line":18,"column":94}},"5":{"start":{"line":24,"column":43},"end":{"line":24,"column":95}},"6":{"start":{"line":24,"column":62},"end":{"line":24,"column":94}},"7":{"start":{"line":30,"column":43},"end":{"line":30,"column":73}}},"fnMap":{"0":{"name":"useWillUnmount","decl":{"start":{"line":5,"column":9},"end":{"line":5,"column":23}},"loc":{"start":{"line":5,"column":26},"end":{"line":7,"column":1}},"line":5},"1":{"name":"(anonymous_1)","decl":{"start":{"line":6,"column":9},"end":{"line":6,"column":10}},"loc":{"start":{"line":6,"column":15},"end":{"line":6,"column":17}},"line":6},"2":{"name":"Exercise10","decl":{"start":{"line":9,"column":24},"end":{"line":9,"column":34}},"loc":{"start":{"line":9,"column":37},"end":{"line":35,"column":1}},"line":9},"3":{"name":"(anonymous_3)","decl":{"start":{"line":18,"column":37},"end":{"line":18,"column":38}},"loc":{"start":{"line":18,"column":43},"end":{"line":18,"column":95}},"line":18},"4":{"name":"(anonymous_4)","decl":{"start":{"line":18,"column":56},"end":{"line":18,"column":57}},"loc":{"start":{"line":18,"column":62},"end":{"line":18,"column":94}},"line":18},"5":{"name":"(anonymous_5)","decl":{"start":{"line":24,"column":37},"end":{"line":24,"column":38}},"loc":{"start":{"line":24,"column":43},"end":{"line":24,"column":95}},"line":24},"6":{"name":"(anonymous_6)","decl":{"start":{"line":24,"column":56},"end":{"line":24,"column":57}},"loc":{"start":{"line":24,"column":62},"end":{"line":24,"column":94}},"line":24},"7":{"name":"(anonymous_7)","decl":{"start":{"line":30,"column":37},"end":{"line":30,"column":38}},"loc":{"start":{"line":30,"column":43},"end":{"line":30,"column":73}},"line":30}},"branchMap":{},"s":{"0":0,"1":0,"2":0,"3":0,"4":0,"5":0,"6":0,"7":0},"f":{"0":0,"1":0,"2":0,"3":0,"4":0,"5":0,"6":0,"7":0},"b":{},"hash":"2205669ee9083d7dd6cb26d91f5df069b18bd808"}
,"/Users/jonathanwalker/Documents/CODE/hooks-training/src/exercises/10_will-unmount/completed/index.js": {"path":"/Users/jonathanwalker/Documents/CODE/hooks-training/src/exercises/10_will-unmount/completed/index.js","statementMap":{"0":{"start":{"line":7,"column":21},"end":{"line":7,"column":39}},"1":{"start":{"line":9,"column":2},"end":{"line":9,"column":33}},"2":{"start":{"line":11,"column":21},"end":{"line":13,"column":3}},"3":{"start":{"line":12,"column":4},"end":{"line":12,"column":37}},"4":{"start":{"line":15,"column":2},"end":{"line":19,"column":4}},"5":{"start":{"line":15,"column":24},"end":{"line":19,"column":3}},"6":{"start":{"line":16,"column":4},"end":{"line":18,"column":5}},"7":{"start":{"line":17,"column":6},"end":{"line":17,"column":26}},"8":{"start":{"line":21,"column":2},"end":{"line":21,"column":19}},"9":{"start":{"line":25,"column":23},"end":{"line":25,"column":39}},"10":{"start":{"line":26,"column":2},"end":{"line":49,"column":3}},"11":{"start":{"line":33,"column":43},"end":{"line":33,"column":95}},"12":{"start":{"line":33,"column":62},"end":{"line":33,"column":94}},"13":{"start":{"line":39,"column":43},"end":{"line":39,"column":95}},"14":{"start":{"line":39,"column":62},"end":{"line":39,"column":94}},"15":{"start":{"line":45,"column":43},"end":{"line":45,"column":73}}},"fnMap":{"0":{"name":"useWillUnmount","decl":{"start":{"line":6,"column":9},"end":{"line":6,"column":23}},"loc":{"start":{"line":6,"column":26},"end":{"line":22,"column":1}},"line":6},"1":{"name":"(anonymous_1)","decl":{"start":{"line":11,"column":21},"end":{"line":11,"column":22}},"loc":{"start":{"line":11,"column":39},"end":{"line":13,"column":3}},"line":11},"2":{"name":"(anonymous_2)","decl":{"start":{"line":15,"column":18},"end":{"line":15,"column":19}},"loc":{"start":{"line":15,"column":24},"end":{"line":19,"column":3}},"line":15},"3":{"name":"(anonymous_3)","decl":{"start":{"line":15,"column":24},"end":{"line":15,"column":25}},"loc":{"start":{"line":15,"column":30},"end":{"line":19,"column":3}},"line":15},"4":{"name":"Exercise10","decl":{"start":{"line":24,"column":24},"end":{"line":24,"column":34}},"loc":{"start":{"line":24,"column":37},"end":{"line":50,"column":1}},"line":24},"5":{"name":"(anonymous_5)","decl":{"start":{"line":33,"column":37},"end":{"line":33,"column":38}},"loc":{"start":{"line":33,"column":43},"end":{"line":33,"column":95}},"line":33},"6":{"name":"(anonymous_6)","decl":{"start":{"line":33,"column":56},"end":{"line":33,"column":57}},"loc":{"start":{"line":33,"column":62},"end":{"line":33,"column":94}},"line":33},"7":{"name":"(anonymous_7)","decl":{"start":{"line":39,"column":37},"end":{"line":39,"column":38}},"loc":{"start":{"line":39,"column":43},"end":{"line":39,"column":95}},"line":39},"8":{"name":"(anonymous_8)","decl":{"start":{"line":39,"column":56},"end":{"line":39,"column":57}},"loc":{"start":{"line":39,"column":62},"end":{"line":39,"column":94}},"line":39},"9":{"name":"(anonymous_9)","decl":{"start":{"line":45,"column":37},"end":{"line":45,"column":38}},"loc":{"start":{"line":45,"column":43},"end":{"line":45,"column":73}},"line":45}},"branchMap":{"0":{"loc":{"start":{"line":16,"column":4},"end":{"line":18,"column":5}},"type":"if","locations":[{"start":{"line":16,"column":4},"end":{"line":18,"column":5}},{"start":{"line":16,"column":4},"end":{"line":18,"column":5}}],"line":16}},"s":{"0":0,"1":0,"2":0,"3":0,"4":0,"5":0,"6":0,"7":0,"8":0,"9":0,"10":0,"11":0,"12":0,"13":0,"14":0,"15":0},"f":{"0":0,"1":0,"2":0,"3":0,"4":0,"5":0,"6":0,"7":0,"8":0,"9":0},"b":{"0":[0,0]},"hash":"5755043c25a42e2746a40ea9cab24e2895cfffbd"}
,"/Users/jonathanwalker/Documents/CODE/hooks-training/src/exercises/11_custom-media-query/index.js": {"path":"/Users/jonathanwalker/Documents/CODE/hooks-training/src/exercises/11_custom-media-query/index.js","statementMap":{"0":{"start":{"line":12,"column":27},"end":{"line":12,"column":38}},"1":{"start":{"line":15,"column":18},"end":{"line":15,"column":54}},"2":{"start":{"line":16,"column":16},"end":{"line":16,"column":52}},"3":{"start":{"line":17,"column":2},"end":{"line":32,"column":3}}},"fnMap":{"0":{"name":"useMediaQuery","decl":{"start":{"line":12,"column":9},"end":{"line":12,"column":22}},"loc":{"start":{"line":12,"column":25},"end":{"line":12,"column":40}},"line":12},"1":{"name":"(anonymous_1)","decl":{"start":{"line":14,"column":15},"end":{"line":14,"column":16}},"loc":{"start":{"line":14,"column":27},"end":{"line":33,"column":1}},"line":14}},"branchMap":{"0":{"loc":{"start":{"line":24,"column":12},"end":{"line":24,"column":34}},"type":"cond-expr","locations":[{"start":{"line":24,"column":22},"end":{"line":24,"column":27}},{"start":{"line":24,"column":30},"end":{"line":24,"column":34}}],"line":24},"1":{"loc":{"start":{"line":28,"column":12},"end":{"line":28,"column":32}},"type":"cond-expr","locations":[{"start":{"line":28,"column":20},"end":{"line":28,"column":25}},{"start":{"line":28,"column":28},"end":{"line":28,"column":32}}],"line":28}},"s":{"0":0,"1":0,"2":0,"3":0},"f":{"0":0,"1":0},"b":{"0":[0,0],"1":[0,0]},"hash":"283d29b39c86d82f79a0627b3e72b0f2a0673dc7"}
,"/Users/jonathanwalker/Documents/CODE/hooks-training/src/exercises/11_custom-media-query/completed/index.js": {"path":"/Users/jonathanwalker/Documents/CODE/hooks-training/src/exercises/11_custom-media-query/completed/index.js","statementMap":{"0":{"start":{"line":4,"column":38},"end":{"line":4,"column":93}},"1":{"start":{"line":6,"column":2},"end":{"line":16,"column":18}},"2":{"start":{"line":7,"column":27},"end":{"line":7,"column":56}},"3":{"start":{"line":8,"column":26},"end":{"line":8,"column":71}},"4":{"start":{"line":8,"column":32},"end":{"line":8,"column":71}},"5":{"start":{"line":10,"column":4},"end":{"line":10,"column":45}},"6":{"start":{"line":12,"column":4},"end":{"line":12,"column":19}},"7":{"start":{"line":13,"column":4},"end":{"line":15,"column":5}},"8":{"start":{"line":14,"column":6},"end":{"line":14,"column":50}},"9":{"start":{"line":18,"column":2},"end":{"line":18,"column":19}},"10":{"start":{"line":22,"column":18},"end":{"line":22,"column":54}},"11":{"start":{"line":23,"column":16},"end":{"line":23,"column":52}},"12":{"start":{"line":24,"column":2},"end":{"line":39,"column":3}}},"fnMap":{"0":{"name":"useMediaQuery","decl":{"start":{"line":3,"column":9},"end":{"line":3,"column":22}},"loc":{"start":{"line":3,"column":35},"end":{"line":19,"column":1}},"line":3},"1":{"name":"(anonymous_1)","decl":{"start":{"line":6,"column":18},"end":{"line":6,"column":19}},"loc":{"start":{"line":6,"column":24},"end":{"line":16,"column":3}},"line":6},"2":{"name":"(anonymous_2)","decl":{"start":{"line":8,"column":26},"end":{"line":8,"column":27}},"loc":{"start":{"line":8,"column":32},"end":{"line":8,"column":71}},"line":8},"3":{"name":"(anonymous_3)","decl":{"start":{"line":13,"column":11},"end":{"line":13,"column":12}},"loc":{"start":{"line":13,"column":17},"end":{"line":15,"column":5}},"line":13},"4":{"name":"(anonymous_4)","decl":{"start":{"line":21,"column":15},"end":{"line":21,"column":16}},"loc":{"start":{"line":21,"column":27},"end":{"line":40,"column":1}},"line":21}},"branchMap":{"0":{"loc":{"start":{"line":31,"column":12},"end":{"line":31,"column":34}},"type":"cond-expr","locations":[{"start":{"line":31,"column":22},"end":{"line":31,"column":27}},{"start":{"line":31,"column":30},"end":{"line":31,"column":34}}],"line":31},"1":{"loc":{"start":{"line":35,"column":12},"end":{"line":35,"column":32}},"type":"cond-expr","locations":[{"start":{"line":35,"column":20},"end":{"line":35,"column":25}},{"start":{"line":35,"column":28},"end":{"line":35,"column":32}}],"line":35}},"s":{"0":0,"1":0,"2":0,"3":0,"4":0,"5":0,"6":0,"7":0,"8":0,"9":0,"10":0,"11":0,"12":0},"f":{"0":0,"1":0,"2":0,"3":0,"4":0},"b":{"0":[0,0],"1":[0,0]},"hash":"278e78ffe7e3623852f66b084c6407422361299b"}
,"/Users/jonathanwalker/Documents/CODE/hooks-training/src/exercises/12_custom-formatted-input/index.js": {"path":"/Users/jonathanwalker/Documents/CODE/hooks-training/src/exercises/12_custom-formatted-input/index.js","statementMap":{"0":{"start":{"line":10,"column":2},"end":{"line":10,"column":11}},"1":{"start":{"line":14,"column":65},"end":{"line":14,"column":106}},"2":{"start":{"line":16,"column":2},"end":{"line":34,"column":3}}},"fnMap":{"0":{"name":"useFormattedInput","decl":{"start":{"line":5,"column":9},"end":{"line":5,"column":26}},"loc":{"start":{"line":5,"column":57},"end":{"line":11,"column":1}},"line":5},"1":{"name":"(anonymous_1)","decl":{"start":{"line":13,"column":15},"end":{"line":13,"column":16}},"loc":{"start":{"line":13,"column":27},"end":{"line":35,"column":1}},"line":13}},"branchMap":{"0":{"loc":{"start":{"line":5,"column":38},"end":{"line":5,"column":55}},"type":"default-arg","locations":[{"start":{"line":5,"column":53},"end":{"line":5,"column":55}}],"line":5},"1":{"loc":{"start":{"line":29,"column":8},"end":{"line":31,"column":9}},"type":"binary-expr","locations":[{"start":{"line":29,"column":8},"end":{"line":29,"column":16}},{"start":{"line":30,"column":10},"end":{"line":30,"column":58}}],"line":29}},"s":{"0":0,"1":0,"2":0},"f":{"0":0,"1":0},"b":{"0":[0],"1":[0,0]},"hash":"9b7769df6206706e7bea4533141a76c00a53936c"}
,"/Users/jonathanwalker/Documents/CODE/hooks-training/src/exercises/12_custom-formatted-input/completed/index.js": {"path":"/Users/jonathanwalker/Documents/CODE/hooks-training/src/exercises/12_custom-formatted-input/completed/index.js","statementMap":{"0":{"start":{"line":6,"column":2},"end":{"line":6,"column":73}},"1":{"start":{"line":6,"column":18},"end":{"line":6,"column":73}},"2":{"start":{"line":8,"column":28},"end":{"line":8,"column":56}},"3":{"start":{"line":9,"column":34},"end":{"line":9,"column":55}},"4":{"start":{"line":12,"column":4},"end":{"line":12,"column":26}},"5":{"start":{"line":16,"column":4},"end":{"line":16,"column":47}},"6":{"start":{"line":19,"column":25},"end":{"line":19,"column":60}},"7":{"start":{"line":21,"column":2},"end":{"line":21,"column":57}},"8":{"start":{"line":25,"column":65},"end":{"line":25,"column":106}},"9":{"start":{"line":27,"column":2},"end":{"line":45,"column":3}}},"fnMap":{"0":{"name":"useFormattedInput","decl":{"start":{"line":5,"column":9},"end":{"line":5,"column":26}},"loc":{"start":{"line":5,"column":57},"end":{"line":22,"column":1}},"line":5},"1":{"name":"onFocusToggle","decl":{"start":{"line":11,"column":11},"end":{"line":11,"column":24}},"loc":{"start":{"line":11,"column":27},"end":{"line":13,"column":3}},"line":11},"2":{"name":"onChange","decl":{"start":{"line":15,"column":11},"end":{"line":15,"column":19}},"loc":{"start":{"line":15,"column":23},"end":{"line":17,"column":3}},"line":15},"3":{"name":"(anonymous_3)","decl":{"start":{"line":24,"column":15},"end":{"line":24,"column":16}},"loc":{"start":{"line":24,"column":27},"end":{"line":46,"column":1}},"line":24}},"branchMap":{"0":{"loc":{"start":{"line":5,"column":38},"end":{"line":5,"column":55}},"type":"default-arg","locations":[{"start":{"line":5,"column":53},"end":{"line":5,"column":55}}],"line":5},"1":{"loc":{"start":{"line":6,"column":2},"end":{"line":6,"column":73}},"type":"if","locations":[{"start":{"line":6,"column":2},"end":{"line":6,"column":73}},{"start":{"line":6,"column":2},"end":{"line":6,"column":73}}],"line":6},"2":{"loc":{"start":{"line":19,"column":25},"end":{"line":19,"column":60}},"type":"cond-expr","locations":[{"start":{"line":19,"column":36},"end":{"line":19,"column":41}},{"start":{"line":19,"column":44},"end":{"line":19,"column":60}}],"line":19},"3":{"loc":{"start":{"line":40,"column":8},"end":{"line":42,"column":9}},"type":"binary-expr","locations":[{"start":{"line":40,"column":8},"end":{"line":40,"column":16}},{"start":{"line":41,"column":10},"end":{"line":41,"column":58}}],"line":40}},"s":{"0":0,"1":0,"2":0,"3":0,"4":0,"5":0,"6":0,"7":0,"8":0,"9":0},"f":{"0":0,"1":0,"2":0,"3":0},"b":{"0":[0],"1":[0,0],"2":[0,0],"3":[0,0]},"hash":"9e845f870b80b9cea96312b0393714d971cfe2c1"}
,"/Users/jonathanwalker/Documents/CODE/hooks-training/src/exercises/12_custom-formatted-input/helper/index.js": {"path":"/Users/jonathanwalker/Documents/CODE/hooks-training/src/exercises/12_custom-formatted-input/helper/index.js","statementMap":{"0":{"start":{"line":2,"column":12},"end":{"line":2,"column":61}},"1":{"start":{"line":3,"column":18},"end":{"line":3,"column":38}},"2":{"start":{"line":4,"column":16},"end":{"line":4,"column":45}},"3":{"start":{"line":5,"column":16},"end":{"line":5,"column":18}},"4":{"start":{"line":7,"column":2},"end":{"line":9,"column":3}},"5":{"start":{"line":7,"column":15},"end":{"line":7,"column":16}},"6":{"start":{"line":7,"column":24},"end":{"line":7,"column":36}},"7":{"start":{"line":8,"column":4},"end":{"line":8,"column":41}},"8":{"start":{"line":11,"column":2},"end":{"line":13,"column":3}},"9":{"start":{"line":12,"column":4},"end":{"line":12,"column":26}},"10":{"start":{"line":14,"column":2},"end":{"line":14,"column":14}}},"fnMap":{"0":{"name":"formatCreditCardNumber","decl":{"start":{"line":1,"column":24},"end":{"line":1,"column":46}},"loc":{"start":{"line":1,"column":54},"end":{"line":15,"column":1}},"line":1}},"branchMap":{"0":{"loc":{"start":{"line":4,"column":16},"end":{"line":4,"column":45}},"type":"binary-expr","locations":[{"start":{"line":4,"column":17},"end":{"line":4,"column":24}},{"start":{"line":4,"column":28},"end":{"line":4,"column":38}},{"start":{"line":4,"column":43},"end":{"line":4,"column":45}}],"line":4},"1":{"loc":{"start":{"line":11,"column":2},"end":{"line":13,"column":3}},"type":"if","locations":[{"start":{"line":11,"column":2},"end":{"line":13,"column":3}},{"start":{"line":11,"column":2},"end":{"line":13,"column":3}}],"line":11}},"s":{"0":0,"1":0,"2":0,"3":0,"4":0,"5":0,"6":0,"7":0,"8":0,"9":0,"10":0},"f":{"0":0},"b":{"0":[0,0,0],"1":[0,0]},"hash":"26bcc6b2d7c537592c5392295440c5a4996daaaa"}
,"/Users/jonathanwalker/Documents/CODE/hooks-training/src/exercises/13_mobx-global-examples/index.js": {"path":"/Users/jonathanwalker/Documents/CODE/hooks-training/src/exercises/13_mobx-global-examples/index.js","statementMap":{"0":{"start":{"line":8,"column":40},"end":{"line":8,"column":57}},"1":{"start":{"line":9,"column":2},"end":{"line":33,"column":3}},"2":{"start":{"line":12,"column":8},"end":{"line":30,"column":14}},"3":{"start":{"line":13,"column":47},"end":{"line":13,"column":74}},"4":{"start":{"line":14,"column":47},"end":{"line":14,"column":75}},"5":{"start":{"line":21,"column":55},"end":{"line":21,"column":87}},"6":{"start":{"line":23,"column":14},"end":{"line":23,"column":60}}},"fnMap":{"0":{"name":"Exercise14","decl":{"start":{"line":7,"column":24},"end":{"line":7,"column":34}},"loc":{"start":{"line":7,"column":37},"end":{"line":34,"column":1}},"line":7},"1":{"name":"(anonymous_1)","decl":{"start":{"line":11,"column":7},"end":{"line":11,"column":8}},"loc":{"start":{"line":12,"column":8},"end":{"line":30,"column":14}},"line":12},"2":{"name":"(anonymous_2)","decl":{"start":{"line":13,"column":41},"end":{"line":13,"column":42}},"loc":{"start":{"line":13,"column":47},"end":{"line":13,"column":74}},"line":13},"3":{"name":"(anonymous_3)","decl":{"start":{"line":14,"column":41},"end":{"line":14,"column":42}},"loc":{"start":{"line":14,"column":47},"end":{"line":14,"column":75}},"line":14},"4":{"name":"(anonymous_4)","decl":{"start":{"line":21,"column":28},"end":{"line":21,"column":29}},"loc":{"start":{"line":21,"column":55},"end":{"line":21,"column":87}},"line":21},"5":{"name":"(anonymous_5)","decl":{"start":{"line":22,"column":41},"end":{"line":22,"column":42}},"loc":{"start":{"line":23,"column":14},"end":{"line":23,"column":60}},"line":23}},"branchMap":{},"s":{"0":0,"1":0,"2":0,"3":0,"4":0,"5":0,"6":0},"f":{"0":0,"1":0,"2":0,"3":0,"4":0,"5":0},"b":{},"hash":"ea6e040bc812a5fe2f043954cc9d77006364e2a9"}
,"/Users/jonathanwalker/Documents/CODE/hooks-training/src/exercises/13_mobx-global-examples/mobx/useGlobalStores/index.js": {"path":"/Users/jonathanwalker/Documents/CODE/hooks-training/src/exercises/13_mobx-global-examples/mobx/useGlobalStores/index.js","statementMap":{"0":{"start":{"line":6,"column":22},"end":{"line":9,"column":2}},"1":{"start":{"line":11,"column":24},"end":{"line":11,"column":61}},"2":{"start":{"line":11,"column":30},"end":{"line":11,"column":61}}},"fnMap":{"0":{"name":"(anonymous_0)","decl":{"start":{"line":11,"column":24},"end":{"line":11,"column":25}},"loc":{"start":{"line":11,"column":30},"end":{"line":11,"column":61}},"line":11}},"branchMap":{},"s":{"0":0,"1":0,"2":0},"f":{"0":0},"b":{},"hash":"781d3fd07f8c84a56ade1b0c87359fc8aaf9ac78"}
,"/Users/jonathanwalker/Documents/CODE/hooks-training/src/exercises/13_mobx-global-examples/mobx/useGlobalStores/languageStore.js": {"path":"/Users/jonathanwalker/Documents/CODE/hooks-training/src/exercises/13_mobx-global-examples/mobx/useGlobalStores/languageStore.js","statementMap":{"0":{"start":{"line":3,"column":18},"end":{"line":8,"column":1}},"1":{"start":{"line":11,"column":14},"end":{"line":11,"column":23}},"2":{"start":{"line":13,"column":13},"end":{"line":13,"column":25}},"3":{"start":{"line":16,"column":4},"end":{"line":16,"column":28}}},"fnMap":{"0":{"name":"(anonymous_0)","decl":{"start":{"line":15,"column":2},"end":{"line":15,"column":3}},"loc":{"start":{"line":15,"column":24},"end":{"line":17,"column":3}},"line":15}},"branchMap":{},"s":{"0":0,"1":0,"2":0,"3":0},"f":{"0":0},"b":{},"hash":"69a94f6f7abaea83af19b97e8a997667e0ee42b3"}
,"/Users/jonathanwalker/Documents/CODE/hooks-training/src/exercises/13_mobx-global-examples/mobx/useGlobalStores/themeStore.js": {"path":"/Users/jonathanwalker/Documents/CODE/hooks-training/src/exercises/13_mobx-global-examples/mobx/useGlobalStores/themeStore.js","statementMap":{"0":{"start":{"line":4,"column":10},"end":{"line":4,"column":17}},"1":{"start":{"line":7,"column":4},"end":{"line":7,"column":25}}},"fnMap":{"0":{"name":"(anonymous_0)","decl":{"start":{"line":6,"column":2},"end":{"line":6,"column":3}},"loc":{"start":{"line":6,"column":21},"end":{"line":8,"column":3}},"line":6}},"branchMap":{},"s":{"0":0,"1":0},"f":{"0":0},"b":{},"hash":"84529e00792664a42e34fbb62b0e7a70388478ed"}
,"/Users/jonathanwalker/Documents/CODE/hooks-training/src/exercises/14_mobx-local-examples/index.js": {"path":"/Users/jonathanwalker/Documents/CODE/hooks-training/src/exercises/14_mobx-local-examples/index.js","statementMap":{"0":{"start":{"line":7,"column":16},"end":{"line":7,"column":30}},"1":{"start":{"line":8,"column":32},"end":{"line":8,"column":50}},"2":{"start":{"line":9,"column":36},"end":{"line":9,"column":54}},"3":{"start":{"line":11,"column":28},"end":{"line":11,"column":117}},"4":{"start":{"line":13,"column":2},"end":{"line":83,"column":3}},"5":{"start":{"line":16,"column":8},"end":{"line":80,"column":14}},"6":{"start":{"line":26,"column":31},"end":{"line":26,"column":57}},"7":{"start":{"line":32,"column":14},"end":{"line":32,"column":28}},"8":{"start":{"line":33,"column":14},"end":{"line":33,"column":35}},"9":{"start":{"line":46,"column":51},"end":{"line":46,"column":70}},"10":{"start":{"line":52,"column":56},"end":{"line":52,"column":103}},"11":{"start":{"line":57,"column":16},"end":{"line":57,"column":32}},"12":{"start":{"line":58,"column":16},"end":{"line":58,"column":40}}},"fnMap":{"0":{"name":"Exercise13","decl":{"start":{"line":6,"column":9},"end":{"line":6,"column":19}},"loc":{"start":{"line":6,"column":22},"end":{"line":84,"column":1}},"line":6},"1":{"name":"(anonymous_1)","decl":{"start":{"line":15,"column":7},"end":{"line":15,"column":8}},"loc":{"start":{"line":16,"column":8},"end":{"line":80,"column":14}},"line":16},"2":{"name":"(anonymous_2)","decl":{"start":{"line":26,"column":24},"end":{"line":26,"column":25}},"loc":{"start":{"line":26,"column":31},"end":{"line":26,"column":57}},"line":26},"3":{"name":"(anonymous_3)","decl":{"start":{"line":31,"column":21},"end":{"line":31,"column":22}},"loc":{"start":{"line":31,"column":27},"end":{"line":34,"column":13}},"line":31},"4":{"name":"(anonymous_4)","decl":{"start":{"line":46,"column":24},"end":{"line":46,"column":25}},"loc":{"start":{"line":46,"column":51},"end":{"line":46,"column":70}},"line":46},"5":{"name":"(anonymous_5)","decl":{"start":{"line":52,"column":42},"end":{"line":52,"column":43}},"loc":{"start":{"line":52,"column":56},"end":{"line":52,"column":103}},"line":52},"6":{"name":"(anonymous_6)","decl":{"start":{"line":56,"column":23},"end":{"line":56,"column":24}},"loc":{"start":{"line":56,"column":29},"end":{"line":59,"column":15}},"line":56}},"branchMap":{"0":{"loc":{"start":{"line":11,"column":28},"end":{"line":11,"column":117}},"type":"cond-expr","locations":[{"start":{"line":11,"column":55},"end":{"line":11,"column":82}},{"start":{"line":11,"column":85},"end":{"line":11,"column":117}}],"line":11},"1":{"loc":{"start":{"line":71,"column":14},"end":{"line":76,"column":15}},"type":"binary-expr","locations":[{"start":{"line":71,"column":14},"end":{"line":71,"column":36}},{"start":{"line":72,"column":16},"end":{"line":75,"column":20}}],"line":71}},"s":{"0":0,"1":0,"2":0,"3":0,"4":0,"5":0,"6":0,"7":0,"8":0,"9":0,"10":0,"11":0,"12":0},"f":{"0":0,"1":0,"2":0,"3":0,"4":0,"5":0,"6":0},"b":{"0":[0,0],"1":[0,0]},"hash":"526b3d18bbc071e83a3eaaeef6258d09b83f97f2"}
,"/Users/jonathanwalker/Documents/CODE/hooks-training/src/exercises/14_mobx-local-examples/mobx/catsStore/index.js": {"path":"/Users/jonathanwalker/Documents/CODE/hooks-training/src/exercises/14_mobx-local-examples/mobx/catsStore/index.js","statementMap":{"0":{"start":{"line":5,"column":2},"end":{"line":34,"column":3}},"1":{"start":{"line":8,"column":6},"end":{"line":8,"column":23}},"2":{"start":{"line":8,"column":17},"end":{"line":8,"column":23}},"3":{"start":{"line":9,"column":6},"end":{"line":11,"column":8}},"4":{"start":{"line":14,"column":6},"end":{"line":14,"column":23}},"5":{"start":{"line":14,"column":17},"end":{"line":14,"column":23}},"6":{"start":{"line":15,"column":6},"end":{"line":20,"column":8}},"7":{"start":{"line":16,"column":8},"end":{"line":18,"column":9}},"8":{"start":{"line":17,"column":10},"end":{"line":17,"column":40}},"9":{"start":{"line":19,"column":8},"end":{"line":19,"column":18}},"10":{"start":{"line":23,"column":6},"end":{"line":23,"column":50}},"11":{"start":{"line":23,"column":39},"end":{"line":23,"column":49}},"12":{"start":{"line":26,"column":6},"end":{"line":26,"column":49}},"13":{"start":{"line":26,"column":39},"end":{"line":26,"column":48}},"14":{"start":{"line":29,"column":6},"end":{"line":29,"column":76}},"15":{"start":{"line":29,"column":55},"end":{"line":29,"column":71}},"16":{"start":{"line":32,"column":6},"end":{"line":32,"column":44}},"17":{"start":{"line":37,"column":25},"end":{"line":37,"column":50}},"18":{"start":{"line":39,"column":33},"end":{"line":42,"column":1}},"19":{"start":{"line":40,"column":16},"end":{"line":40,"column":46}},"20":{"start":{"line":41,"column":2},"end":{"line":41,"column":88}},"21":{"start":{"line":44,"column":28},"end":{"line":51,"column":1}},"22":{"start":{"line":45,"column":16},"end":{"line":45,"column":50}},"23":{"start":{"line":46,"column":2},"end":{"line":49,"column":3}},"24":{"start":{"line":48,"column":4},"end":{"line":48,"column":68}},"25":{"start":{"line":50,"column":2},"end":{"line":50,"column":14}}},"fnMap":{"0":{"name":"createCatsStore","decl":{"start":{"line":4,"column":9},"end":{"line":4,"column":24}},"loc":{"start":{"line":4,"column":27},"end":{"line":35,"column":1}},"line":4},"1":{"name":"(anonymous_1)","decl":{"start":{"line":7,"column":4},"end":{"line":7,"column":5}},"loc":{"start":{"line":7,"column":17},"end":{"line":12,"column":5}},"line":7},"2":{"name":"(anonymous_2)","decl":{"start":{"line":13,"column":4},"end":{"line":13,"column":5}},"loc":{"start":{"line":13,"column":18},"end":{"line":21,"column":5}},"line":13},"3":{"name":"(anonymous_3)","decl":{"start":{"line":15,"column":32},"end":{"line":15,"column":33}},"loc":{"start":{"line":15,"column":41},"end":{"line":20,"column":7}},"line":15},"4":{"name":"(anonymous_4)","decl":{"start":{"line":22,"column":4},"end":{"line":22,"column":5}},"loc":{"start":{"line":22,"column":24},"end":{"line":24,"column":5}},"line":22},"5":{"name":"(anonymous_5)","decl":{"start":{"line":23,"column":30},"end":{"line":23,"column":31}},"loc":{"start":{"line":23,"column":39},"end":{"line":23,"column":49}},"line":23},"6":{"name":"(anonymous_6)","decl":{"start":{"line":25,"column":4},"end":{"line":25,"column":5}},"loc":{"start":{"line":25,"column":21},"end":{"line":27,"column":5}},"line":25},"7":{"name":"(anonymous_7)","decl":{"start":{"line":26,"column":30},"end":{"line":26,"column":31}},"loc":{"start":{"line":26,"column":39},"end":{"line":26,"column":48}},"line":26},"8":{"name":"(anonymous_8)","decl":{"start":{"line":28,"column":4},"end":{"line":28,"column":5}},"loc":{"start":{"line":28,"column":27},"end":{"line":30,"column":5}},"line":28},"9":{"name":"(anonymous_9)","decl":{"start":{"line":29,"column":36},"end":{"line":29,"column":37}},"loc":{"start":{"line":29,"column":55},"end":{"line":29,"column":71}},"line":29},"10":{"name":"(anonymous_10)","decl":{"start":{"line":31,"column":4},"end":{"line":31,"column":5}},"loc":{"start":{"line":31,"column":29},"end":{"line":33,"column":5}},"line":31},"11":{"name":"(anonymous_11)","decl":{"start":{"line":39,"column":33},"end":{"line":39,"column":34}},"loc":{"start":{"line":39,"column":51},"end":{"line":42,"column":1}},"line":39},"12":{"name":"(anonymous_12)","decl":{"start":{"line":44,"column":28},"end":{"line":44,"column":29}},"loc":{"start":{"line":44,"column":34},"end":{"line":51,"column":1}},"line":44}},"branchMap":{"0":{"loc":{"start":{"line":8,"column":6},"end":{"line":8,"column":23}},"type":"if","locations":[{"start":{"line":8,"column":6},"end":{"line":8,"column":23}},{"start":{"line":8,"column":6},"end":{"line":8,"column":23}}],"line":8},"1":{"loc":{"start":{"line":14,"column":6},"end":{"line":14,"column":23}},"type":"if","locations":[{"start":{"line":14,"column":6},"end":{"line":14,"column":23}},{"start":{"line":14,"column":6},"end":{"line":14,"column":23}}],"line":14},"2":{"loc":{"start":{"line":16,"column":8},"end":{"line":18,"column":9}},"type":"if","locations":[{"start":{"line":16,"column":8},"end":{"line":18,"column":9}},{"start":{"line":16,"column":8},"end":{"line":18,"column":9}}],"line":16},"3":{"loc":{"start":{"line":46,"column":2},"end":{"line":49,"column":3}},"type":"if","locations":[{"start":{"line":46,"column":2},"end":{"line":49,"column":3}},{"start":{"line":46,"column":2},"end":{"line":49,"column":3}}],"line":46}},"s":{"0":0,"1":0,"2":0,"3":0,"4":0,"5":0,"6":0,"7":0,"8":0,"9":0,"10":0,"11":0,"12":0,"13":0,"14":0,"15":0,"16":0,"17":0,"18":0,"19":0,"20":0,"21":0,"22":0,"23":0,"24":0,"25":0},"f":{"0":0,"1":0,"2":0,"3":0,"4":0,"5":0,"6":0,"7":0,"8":0,"9":0,"10":0,"11":0,"12":0},"b":{"0":[0,0],"1":[0,0],"2":[0,0],"3":[0,0]},"hash":"5d3f4ea6feb825f02e9c5afa641b7b41ada70d00"}
,"/Users/jonathanwalker/Documents/CODE/hooks-training/src/exercises/15_test-custom-hook/renderCustomHook.js": {"path":"/Users/jonathanwalker/Documents/CODE/hooks-training/src/exercises/15_test-custom-hook/renderCustomHook.js","statementMap":{"0":{"start":{"line":6,"column":20},"end":{"line":6,"column":66}},"1":{"start":{"line":6,"column":38},"end":{"line":6,"column":66}},"2":{"start":{"line":7,"column":21},"end":{"line":7,"column":23}},"3":{"start":{"line":9,"column":2},"end":{"line":18,"column":4}},"4":{"start":{"line":10,"column":4},"end":{"line":17,"column":5}},"5":{"start":{"line":13,"column":10},"end":{"line":13,"column":47}},"6":{"start":{"line":14,"column":10},"end":{"line":14,"column":21}},"7":{"start":{"line":20,"column":2},"end":{"line":20,"column":19}}},"fnMap":{"0":{"name":"renderCustomHook","decl":{"start":{"line":5,"column":24},"end":{"line":5,"column":40}},"loc":{"start":{"line":5,"column":61},"end":{"line":21,"column":1}},"line":5},"1":{"name":"(anonymous_1)","decl":{"start":{"line":6,"column":20},"end":{"line":6,"column":21}},"loc":{"start":{"line":6,"column":38},"end":{"line":6,"column":66}},"line":6},"2":{"name":"(anonymous_2)","decl":{"start":{"line":9,"column":6},"end":{"line":9,"column":7}},"loc":{"start":{"line":9,"column":12},"end":{"line":18,"column":3}},"line":9},"3":{"name":"(anonymous_3)","decl":{"start":{"line":12,"column":9},"end":{"line":12,"column":10}},"loc":{"start":{"line":12,"column":25},"end":{"line":15,"column":9}},"line":12}},"branchMap":{},"s":{"0":12,"1":28,"2":12,"3":12,"4":12,"5":28,"6":28,"7":12},"f":{"0":12,"1":28,"2":12,"3":28},"b":{},"_coverageSchema":"43e27e138ebf9cfc5966b082cf9a028302ed4184","hash":"57204b71cd1cec612de29f97a64911b19c508b23"}
,"/Users/jonathanwalker/Documents/CODE/hooks-training/src/exercises/15_test-custom-hook/useClassicState.js": {"path":"/Users/jonathanwalker/Documents/CODE/hooks-training/src/exercises/15_test-custom-hook/useClassicState.js","statementMap":{"0":{"start":{"line":8,"column":28},"end":{"line":8,"column":50}},"1":{"start":{"line":10,"column":22},"end":{"line":15,"column":8}},"2":{"start":{"line":11,"column":4},"end":{"line":14,"column":7}},"3":{"start":{"line":11,"column":27},"end":{"line":14,"column":5}},"4":{"start":{"line":17,"column":2},"end":{"line":17,"column":29}}},"fnMap":{"0":{"name":"useClassicState","decl":{"start":{"line":7,"column":24},"end":{"line":7,"column":39}},"loc":{"start":{"line":7,"column":54},"end":{"line":18,"column":1}},"line":7},"1":{"name":"(anonymous_1)","decl":{"start":{"line":10,"column":34},"end":{"line":10,"column":35}},"loc":{"start":{"line":10,"column":45},"end":{"line":15,"column":3}},"line":10},"2":{"name":"(anonymous_2)","decl":{"start":{"line":11,"column":13},"end":{"line":11,"column":14}},"loc":{"start":{"line":11,"column":27},"end":{"line":14,"column":5}},"line":11}},"branchMap":{},"s":{"0":0,"1":0,"2":0,"3":0,"4":0},"f":{"0":0,"1":0,"2":0},"b":{},"hash":"400f63311472f98ffc94916d6d2a0158ec6f2f2d"}
,"/Users/jonathanwalker/Documents/CODE/hooks-training/src/exercises/16_putting-it-all-together/index.js": {"path":"/Users/jonathanwalker/Documents/CODE/hooks-training/src/exercises/16_putting-it-all-together/index.js","statementMap":{"0":{"start":{"line":7,"column":25},"end":{"line":7,"column":58}},"1":{"start":{"line":7,"column":38},"end":{"line":7,"column":58}},"2":{"start":{"line":16,"column":6},"end":{"line":16,"column":38}},"3":{"start":{"line":17,"column":2},"end":{"line":42,"column":3}},"4":{"start":{"line":30,"column":12},"end":{"line":38,"column":17}}},"fnMap":{"0":{"name":"(anonymous_0)","decl":{"start":{"line":7,"column":25},"end":{"line":7,"column":26}},"loc":{"start":{"line":7,"column":38},"end":{"line":7,"column":58}},"line":7},"1":{"name":"Exercise16","decl":{"start":{"line":9,"column":24},"end":{"line":9,"column":34}},"loc":{"start":{"line":9,"column":68},"end":{"line":43,"column":1}},"line":9},"2":{"name":"(anonymous_2)","decl":{"start":{"line":29,"column":28},"end":{"line":29,"column":29}},"loc":{"start":{"line":30,"column":12},"end":{"line":38,"column":17}},"line":30}},"branchMap":{"0":{"loc":{"start":{"line":9,"column":37},"end":{"line":9,"column":64}},"type":"default-arg","locations":[{"start":{"line":9,"column":48},"end":{"line":9,"column":64}}],"line":9},"1":{"loc":{"start":{"line":28,"column":9},"end":{"line":39,"column":12}},"type":"binary-expr","locations":[{"start":{"line":28,"column":9},"end":{"line":28,"column":15}},{"start":{"line":29,"column":13},"end":{"line":39,"column":12}}],"line":28},"2":{"loc":{"start":{"line":34,"column":16},"end":{"line":34,"column":80}},"type":"cond-expr","locations":[{"start":{"line":34,"column":45},"end":{"line":34,"column":75}},{"start":{"line":34,"column":78},"end":{"line":34,"column":80}}],"line":34}},"s":{"0":0,"1":0,"2":0,"3":0,"4":0},"f":{"0":0,"1":0,"2":0},"b":{"0":[0],"1":[0,0],"2":[0,0]},"hash":"60395cb3e548885b0ddc2fdc3b3bfb3ef264c6af"}
,"/Users/jonathanwalker/Documents/CODE/hooks-training/src/exercises/16_putting-it-all-together/utils.js": {"path":"/Users/jonathanwalker/Documents/CODE/hooks-training/src/exercises/16_putting-it-all-together/utils.js","statementMap":{"0":{"start":{"line":2,"column":27},"end":{"line":2,"column":32}},"1":{"start":{"line":7,"column":2},"end":{"line":7,"column":12}},"2":{"start":{"line":10,"column":26},"end":{"line":19,"column":1}},"3":{"start":{"line":21,"column":21},"end":{"line":227,"column":1}},"4":{"start":{"line":229,"column":30},"end":{"line":229,"column":76}}},"fnMap":{"0":{"name":"normalizeArrowKey","decl":{"start":{"line":1,"column":16},"end":{"line":1,"column":33}},"loc":{"start":{"line":1,"column":41},"end":{"line":8,"column":1}},"line":1}},"branchMap":{},"s":{"0":9,"1":9,"2":1,"3":1,"4":1},"f":{"0":9},"b":{},"_coverageSchema":"43e27e138ebf9cfc5966b082cf9a028302ed4184","hash":"3cc48ce1338f4f1e173f152e9f1e55753c601d74"}
,"/Users/jonathanwalker/Documents/CODE/hooks-training/src/exercises/16_putting-it-all-together/hooks/useComboBox.js": {"path":"/Users/jonathanwalker/Documents/CODE/hooks-training/src/exercises/16_putting-it-all-together/hooks/useComboBox.js","statementMap":{"0":{"start":{"line":6,"column":13},"end":{"line":6,"column":21}},"1":{"start":{"line":19,"column":17},"end":{"line":19,"column":22}},"2":{"start":{"line":21,"column":21},"end":{"line":21,"column":23}},"3":{"start":{"line":23,"column":27},"end":{"line":23,"column":28}},"4":{"start":{"line":26,"column":21},"end":{"line":26,"column":26}},"5":{"start":{"line":29,"column":19},"end":{"line":29,"column":33}},"6":{"start":{"line":47,"column":24},"end":{"line":58,"column":4}},"7":{"start":{"line":47,"column":31},"end":{"line":58,"column":3}},"8":{"start":{"line":55,"column":18},"end":{"line":55,"column":42}},"9":{"start":{"line":61,"column":23},"end":{"line":65,"column":4}},"10":{"start":{"line":61,"column":35},"end":{"line":65,"column":3}},"11":{"start":{"line":73,"column":2},"end":{"line":79,"column":3}}},"fnMap":{"0":{"name":"(anonymous_0)","decl":{"start":{"line":6,"column":13},"end":{"line":6,"column":14}},"loc":{"start":{"line":6,"column":19},"end":{"line":6,"column":21}},"line":6},"1":{"name":"useComboBox","decl":{"start":{"line":8,"column":24},"end":{"line":8,"column":35}},"loc":{"start":{"line":15,"column":8},"end":{"line":80,"column":1}},"line":15},"2":{"name":"(anonymous_2)","decl":{"start":{"line":47,"column":24},"end":{"line":47,"column":25}},"loc":{"start":{"line":47,"column":31},"end":{"line":58,"column":3}},"line":47},"3":{"name":"(anonymous_3)","decl":{"start":{"line":50,"column":14},"end":{"line":50,"column":15}},"loc":{"start":{"line":50,"column":20},"end":{"line":52,"column":5}},"line":50},"4":{"name":"(anonymous_4)","decl":{"start":{"line":53,"column":15},"end":{"line":53,"column":16}},"loc":{"start":{"line":53,"column":26},"end":{"line":57,"column":5}},"line":53},"5":{"name":"(anonymous_5)","decl":{"start":{"line":61,"column":23},"end":{"line":61,"column":24}},"loc":{"start":{"line":61,"column":35},"end":{"line":65,"column":3}},"line":61},"6":{"name":"(anonymous_6)","decl":{"start":{"line":62,"column":13},"end":{"line":62,"column":14}},"loc":{"start":{"line":62,"column":19},"end":{"line":64,"column":5}},"line":62}},"branchMap":{"0":{"loc":{"start":{"line":8,"column":36},"end":{"line":15,"column":6}},"type":"default-arg","locations":[{"start":{"line":15,"column":4},"end":{"line":15,"column":6}}],"line":8},"1":{"loc":{"start":{"line":9,"column":2},"end":{"line":9,"column":28}},"type":"default-arg","locations":[{"start":{"line":9,"column":24},"end":{"line":9,"column":28}}],"line":9},"2":{"loc":{"start":{"line":10,"column":2},"end":{"line":10,"column":23}},"type":"default-arg","locations":[{"start":{"line":10,"column":18},"end":{"line":10,"column":23}}],"line":10},"3":{"loc":{"start":{"line":11,"column":2},"end":{"line":11,"column":24}},"type":"default-arg","locations":[{"start":{"line":11,"column":22},"end":{"line":11,"column":24}}],"line":11},"4":{"loc":{"start":{"line":12,"column":2},"end":{"line":12,"column":29}},"type":"default-arg","locations":[{"start":{"line":12,"column":28},"end":{"line":12,"column":29}}],"line":12},"5":{"loc":{"start":{"line":13,"column":2},"end":{"line":13,"column":12}},"type":"default-arg","locations":[{"start":{"line":13,"column":10},"end":{"line":13,"column":12}}],"line":13},"6":{"loc":{"start":{"line":14,"column":2},"end":{"line":14,"column":17}},"type":"default-arg","locations":[{"start":{"line":14,"column":13},"end":{"line":14,"column":17}}],"line":14}},"s":{"0":0,"1":0,"2":0,"3":0,"4":0,"5":0,"6":0,"7":0,"8":0,"9":0,"10":0,"11":0},"f":{"0":0,"1":0,"2":0,"3":0,"4":0,"5":0,"6":0},"b":{"0":[0],"1":[0],"2":[0],"3":[0],"4":[0],"5":[0],"6":[0]},"hash":"f73b787505a3ef1a4ed7a7a40859127a965a34af"}
,"/Users/jonathanwalker/Documents/CODE/hooks-training/src/exercises/16_putting-it-all-together/hooks/completed/useComboBox.js": {"path":"/Users/jonathanwalker/Documents/CODE/hooks-training/src/exercises/16_putting-it-all-together/hooks/completed/useComboBox.js","statementMap":{"0":{"start":{"line":6,"column":13},"end":{"line":6,"column":21}},"1":{"start":{"line":17,"column":30},"end":{"line":17,"column":59}},"2":{"start":{"line":19,"column":38},"end":{"line":19,"column":71}},"3":{"start":{"line":21,"column":50},"end":{"line":21,"column":89}},"4":{"start":{"line":24,"column":19},"end":{"line":24,"column":33}},"5":{"start":{"line":27,"column":21},"end":{"line":29,"column":25}},"6":{"start":{"line":28,"column":4},"end":{"line":28,"column":66}},"7":{"start":{"line":28,"column":27},"end":{"line":28,"column":65}},"8":{"start":{"line":32,"column":31},"end":{"line":49,"column":37}},"9":{"start":{"line":32,"column":52},"end":{"line":49,"column":3}},"10":{"start":{"line":34,"column":6},"end":{"line":34,"column":28}},"11":{"start":{"line":36,"column":6},"end":{"line":36,"column":97}},"12":{"start":{"line":36,"column":56},"end":{"line":36,"column":97}},"13":{"start":{"line":36,"column":87},"end":{"line":36,"column":96}},"14":{"start":{"line":39,"column":6},"end":{"line":39,"column":28}},"15":{"start":{"line":41,"column":6},"end":{"line":41,"column":75}},"16":{"start":{"line":41,"column":34},"end":{"line":41,"column":75}},"17":{"start":{"line":41,"column":65},"end":{"line":41,"column":74}},"18":{"start":{"line":44,"column":6},"end":{"line":44,"column":28}},"19":{"start":{"line":46,"column":6},"end":{"line":46,"column":49}},"20":{"start":{"line":47,"column":6},"end":{"line":47,"column":22}},"21":{"start":{"line":52,"column":24},"end":{"line":68,"column":49}},"22":{"start":{"line":52,"column":49},"end":{"line":68,"column":3}},"23":{"start":{"line":56,"column":6},"end":{"line":56,"column":35}},"24":{"start":{"line":59,"column":6},"end":{"line":59,"column":63}},"25":{"start":{"line":59,"column":48},"end":{"line":59,"column":63}},"26":{"start":{"line":63,"column":18},"end":{"line":63,"column":42}},"27":{"start":{"line":64,"column":6},"end":{"line":66,"column":7}},"28":{"start":{"line":65,"column":8},"end":{"line":65,"column":40}},"29":{"start":{"line":71,"column":23},"end":{"line":76,"column":19}},"30":{"start":{"line":71,"column":53},"end":{"line":76,"column":3}},"31":{"start":{"line":73,"column":6},"end":{"line":73,"column":38}},"32":{"start":{"line":74,"column":6},"end":{"line":74,"column":22}},"33":{"start":{"line":79,"column":2},"end":{"line":81,"column":28}},"34":{"start":{"line":80,"column":4},"end":{"line":80,"column":24}},"35":{"start":{"line":84,"column":2},"end":{"line":88,"column":27}},"36":{"start":{"line":85,"column":4},"end":{"line":87,"column":5}},"37":{"start":{"line":86,"column":6},"end":{"line":86,"column":30}},"38":{"start":{"line":90,"column":2},"end":{"line":96,"column":3}}},"fnMap":{"0":{"name":"(anonymous_0)","decl":{"start":{"line":6,"column":13},"end":{"line":6,"column":14}},"loc":{"start":{"line":6,"column":19},"end":{"line":6,"column":21}},"line":6},"1":{"name":"useComboBox","decl":{"start":{"line":8,"column":24},"end":{"line":8,"column":35}},"loc":{"start":{"line":15,"column":8},"end":{"line":97,"column":1}},"line":15},"2":{"name":"(anonymous_2)","decl":{"start":{"line":27,"column":35},"end":{"line":27,"column":36}},"loc":{"start":{"line":28,"column":4},"end":{"line":28,"column":66}},"line":28},"3":{"name":"(anonymous_3)","decl":{"start":{"line":28,"column":17},"end":{"line":28,"column":18}},"loc":{"start":{"line":28,"column":27},"end":{"line":28,"column":65}},"line":28},"4":{"name":"(anonymous_4)","decl":{"start":{"line":32,"column":45},"end":{"line":32,"column":46}},"loc":{"start":{"line":32,"column":52},"end":{"line":49,"column":3}},"line":32},"5":{"name":"(anonymous_5)","decl":{"start":{"line":33,"column":4},"end":{"line":33,"column":5}},"loc":{"start":{"line":33,"column":21},"end":{"line":37,"column":5}},"line":33},"6":{"name":"(anonymous_6)","decl":{"start":{"line":36,"column":76},"end":{"line":36,"column":77}},"loc":{"start":{"line":36,"column":87},"end":{"line":36,"column":96}},"line":36},"7":{"name":"(anonymous_7)","decl":{"start":{"line":38,"column":4},"end":{"line":38,"column":5}},"loc":{"start":{"line":38,"column":19},"end":{"line":42,"column":5}},"line":38},"8":{"name":"(anonymous_8)","decl":{"start":{"line":41,"column":54},"end":{"line":41,"column":55}},"loc":{"start":{"line":41,"column":65},"end":{"line":41,"column":74}},"line":41},"9":{"name":"(anonymous_9)","decl":{"start":{"line":43,"column":4},"end":{"line":43,"column":5}},"loc":{"start":{"line":43,"column":17},"end":{"line":48,"column":5}},"line":43},"10":{"name":"(anonymous_10)","decl":{"start":{"line":52,"column":42},"end":{"line":52,"column":43}},"loc":{"start":{"line":52,"column":49},"end":{"line":68,"column":3}},"line":52},"11":{"name":"(anonymous_11)","decl":{"start":{"line":55,"column":14},"end":{"line":55,"column":15}},"loc":{"start":{"line":55,"column":21},"end":{"line":60,"column":5}},"line":55},"12":{"name":"(anonymous_12)","decl":{"start":{"line":61,"column":15},"end":{"line":61,"column":16}},"loc":{"start":{"line":61,"column":26},"end":{"line":67,"column":5}},"line":61},"13":{"name":"(anonymous_13)","decl":{"start":{"line":71,"column":41},"end":{"line":71,"column":42}},"loc":{"start":{"line":71,"column":53},"end":{"line":76,"column":3}},"line":71},"14":{"name":"(anonymous_14)","decl":{"start":{"line":72,"column":13},"end":{"line":72,"column":14}},"loc":{"start":{"line":72,"column":19},"end":{"line":75,"column":5}},"line":72},"15":{"name":"(anonymous_15)","decl":{"start":{"line":79,"column":18},"end":{"line":79,"column":19}},"loc":{"start":{"line":79,"column":24},"end":{"line":81,"column":3}},"line":79},"16":{"name":"(anonymous_16)","decl":{"start":{"line":84,"column":18},"end":{"line":84,"column":19}},"loc":{"start":{"line":84,"column":24},"end":{"line":88,"column":3}},"line":84}},"branchMap":{"0":{"loc":{"start":{"line":8,"column":36},"end":{"line":15,"column":6}},"type":"default-arg","locations":[{"start":{"line":15,"column":4},"end":{"line":15,"column":6}}],"line":8},"1":{"loc":{"start":{"line":9,"column":2},"end":{"line":9,"column":28}},"type":"default-arg","locations":[{"start":{"line":9,"column":24},"end":{"line":9,"column":28}}],"line":9},"2":{"loc":{"start":{"line":10,"column":2},"end":{"line":10,"column":23}},"type":"default-arg","locations":[{"start":{"line":10,"column":18},"end":{"line":10,"column":23}}],"line":10},"3":{"loc":{"start":{"line":11,"column":2},"end":{"line":11,"column":24}},"type":"default-arg","locations":[{"start":{"line":11,"column":22},"end":{"line":11,"column":24}}],"line":11},"4":{"loc":{"start":{"line":12,"column":2},"end":{"line":12,"column":29}},"type":"default-arg","locations":[{"start":{"line":12,"column":28},"end":{"line":12,"column":29}}],"line":12},"5":{"loc":{"start":{"line":13,"column":2},"end":{"line":13,"column":12}},"type":"default-arg","locations":[{"start":{"line":13,"column":10},"end":{"line":13,"column":12}}],"line":13},"6":{"loc":{"start":{"line":14,"column":2},"end":{"line":14,"column":17}},"type":"default-arg","locations":[{"start":{"line":14,"column":13},"end":{"line":14,"column":17}}],"line":14},"7":{"loc":{"start":{"line":36,"column":6},"end":{"line":36,"column":97}},"type":"if","locations":[{"start":{"line":36,"column":6},"end":{"line":36,"column":97}},{"start":{"line":36,"column":6},"end":{"line":36,"column":97}}],"line":36},"8":{"loc":{"start":{"line":41,"column":6},"end":{"line":41,"column":75}},"type":"if","locations":[{"start":{"line":41,"column":6},"end":{"line":41,"column":75}},{"start":{"line":41,"column":6},"end":{"line":41,"column":75}}],"line":41},"9":{"loc":{"start":{"line":59,"column":6},"end":{"line":59,"column":63}},"type":"if","locations":[{"start":{"line":59,"column":6},"end":{"line":59,"column":63}},{"start":{"line":59,"column":6},"end":{"line":59,"column":63}}],"line":59},"10":{"loc":{"start":{"line":59,"column":10},"end":{"line":59,"column":46}},"type":"binary-expr","locations":[{"start":{"line":59,"column":10},"end":{"line":59,"column":17}},{"start":{"line":59,"column":21},"end":{"line":59,"column":46}}],"line":59},"11":{"loc":{"start":{"line":64,"column":6},"end":{"line":66,"column":7}},"type":"if","locations":[{"start":{"line":64,"column":6},"end":{"line":66,"column":7}},{"start":{"line":64,"column":6},"end":{"line":66,"column":7}}],"line":64},"12":{"loc":{"start":{"line":64,"column":10},"end":{"line":64,"column":42}},"type":"binary-expr","locations":[{"start":{"line":64,"column":10},"end":{"line":64,"column":13}},{"start":{"line":64,"column":17},"end":{"line":64,"column":42}}],"line":64},"13":{"loc":{"start":{"line":85,"column":4},"end":{"line":87,"column":5}},"type":"if","locations":[{"start":{"line":85,"column":4},"end":{"line":87,"column":5}},{"start":{"line":85,"column":4},"end":{"line":87,"column":5}}],"line":85},"14":{"loc":{"start":{"line":85,"column":8},"end":{"line":85,"column":47}},"type":"binary-expr","locations":[{"start":{"line":85,"column":8},"end":{"line":85,"column":24}},{"start":{"line":85,"column":28},"end":{"line":85,"column":47}}],"line":85}},"s":{"0":1,"1":32,"2":32,"3":32,"4":32,"5":32,"6":21,"7":81,"8":32,"9":27,"10":4,"11":4,"12":3,"13":3,"14":4,"15":4,"16":3,"17":3,"18":1,"19":1,"20":1,"21":32,"22":20,"23":4,"24":4,"25":4,"26":9,"27":9,"28":9,"29":32,"30":1,"31":1,"32":1,"33":32,"34":4,"35":32,"36":3,"37":2,"38":32},"f":{"0":0,"1":32,"2":21,"3":81,"4":27,"5":4,"6":3,"7":4,"8":3,"9":1,"10":20,"11":4,"12":9,"13":1,"14":1,"15":4,"16":3},"b":{"0":[1],"1":[28],"2":[31],"3":[31],"4":[31],"5":[4],"6":[28],"7":[3,1],"8":[3,1],"9":[4,0],"10":[4,4],"11":[9,0],"12":[9,9],"13":[2,1],"14":[3,3]},"_coverageSchema":"43e27e138ebf9cfc5966b082cf9a028302ed4184","hash":"94c1612e0c913e9b32893695fd2312815995ea92"}
,"/Users/jonathanwalker/Documents/CODE/hooks-training/src/exercises/1_use-state/index.js": {"path":"/Users/jonathanwalker/Documents/CODE/hooks-training/src/exercises/1_use-state/index.js","statementMap":{"0":{"start":{"line":8,"column":12},"end":{"line":8,"column":25}},"1":{"start":{"line":10,"column":15},"end":{"line":12,"column":5}},"2":{"start":{"line":11,"column":6},"end":{"line":11,"column":46}},"3":{"start":{"line":11,"column":33},"end":{"line":11,"column":44}},"4":{"start":{"line":15,"column":6},"end":{"line":20,"column":7}}},"fnMap":{"0":{"name":"(anonymous_0)","decl":{"start":{"line":10,"column":15},"end":{"line":10,"column":16}},"loc":{"start":{"line":10,"column":21},"end":{"line":12,"column":5}},"line":10},"1":{"name":"(anonymous_1)","decl":{"start":{"line":11,"column":20},"end":{"line":11,"column":21}},"loc":{"start":{"line":11,"column":33},"end":{"line":11,"column":44}},"line":11},"2":{"name":"(anonymous_2)","decl":{"start":{"line":14,"column":4},"end":{"line":14,"column":5}},"loc":{"start":{"line":14,"column":13},"end":{"line":21,"column":5}},"line":14}},"branchMap":{"0":{"loc":{"start":{"line":18,"column":32},"end":{"line":18,"column":60}},"type":"cond-expr","locations":[{"start":{"line":18,"column":48},"end":{"line":18,"column":52}},{"start":{"line":18,"column":55},"end":{"line":18,"column":60}}],"line":18}},"s":{"0":0,"1":0,"2":0,"3":0,"4":0},"f":{"0":0,"1":0,"2":0},"b":{"0":[0,0]},"hash":"c37d2977db815dc759d62f421d72e76ab6f66acc"}
,"/Users/jonathanwalker/Documents/CODE/hooks-training/src/exercises/1_use-state/completed/index.js": {"path":"/Users/jonathanwalker/Documents/CODE/hooks-training/src/exercises/1_use-state/completed/index.js","statementMap":{"0":{"start":{"line":6,"column":22},"end":{"line":6,"column":43}},"1":{"start":{"line":7,"column":2},"end":{"line":12,"column":3}},"2":{"start":{"line":9,"column":37},"end":{"line":9,"column":47}}},"fnMap":{"0":{"name":"Exercise1","decl":{"start":{"line":5,"column":24},"end":{"line":5,"column":33}},"loc":{"start":{"line":5,"column":36},"end":{"line":13,"column":1}},"line":5},"1":{"name":"(anonymous_1)","decl":{"start":{"line":9,"column":31},"end":{"line":9,"column":32}},"loc":{"start":{"line":9,"column":37},"end":{"line":9,"column":47}},"line":9}},"branchMap":{"0":{"loc":{"start":{"line":10,"column":28},"end":{"line":10,"column":45}},"type":"cond-expr","locations":[{"start":{"line":10,"column":33},"end":{"line":10,"column":37}},{"start":{"line":10,"column":40},"end":{"line":10,"column":45}}],"line":10}},"s":{"0":0,"1":0,"2":0},"f":{"0":0,"1":0},"b":{"0":[0,0]},"hash":"cdcacd69652347f32833f4f2747713be99432bf4"}
,"/Users/jonathanwalker/Documents/CODE/hooks-training/src/exercises/2_use-effect/index.js": {"path":"/Users/jonathanwalker/Documents/CODE/hooks-training/src/exercises/2_use-effect/index.js","statementMap":{"0":{"start":{"line":7,"column":12},"end":{"line":7,"column":25}},"1":{"start":{"line":13,"column":6},"end":{"line":13,"column":73}},"2":{"start":{"line":17,"column":6},"end":{"line":17,"column":73}},"3":{"start":{"line":21,"column":15},"end":{"line":23,"column":5}},"4":{"start":{"line":22,"column":6},"end":{"line":22,"column":46}},"5":{"start":{"line":22,"column":33},"end":{"line":22,"column":44}},"6":{"start":{"line":26,"column":6},"end":{"line":26,"column":66}}},"fnMap":{"0":{"name":"(anonymous_0)","decl":{"start":{"line":12,"column":4},"end":{"line":12,"column":5}},"loc":{"start":{"line":12,"column":24},"end":{"line":14,"column":5}},"line":12},"1":{"name":"(anonymous_1)","decl":{"start":{"line":16,"column":4},"end":{"line":16,"column":5}},"loc":{"start":{"line":16,"column":25},"end":{"line":18,"column":5}},"line":16},"2":{"name":"(anonymous_2)","decl":{"start":{"line":21,"column":15},"end":{"line":21,"column":16}},"loc":{"start":{"line":21,"column":21},"end":{"line":23,"column":5}},"line":21},"3":{"name":"(anonymous_3)","decl":{"start":{"line":22,"column":20},"end":{"line":22,"column":21}},"loc":{"start":{"line":22,"column":33},"end":{"line":22,"column":44}},"line":22},"4":{"name":"(anonymous_4)","decl":{"start":{"line":25,"column":4},"end":{"line":25,"column":5}},"loc":{"start":{"line":25,"column":13},"end":{"line":27,"column":5}},"line":25}},"branchMap":{"0":{"loc":{"start":{"line":13,"column":40},"end":{"line":13,"column":68}},"type":"cond-expr","locations":[{"start":{"line":13,"column":56},"end":{"line":13,"column":60}},{"start":{"line":13,"column":63},"end":{"line":13,"column":68}}],"line":13},"1":{"loc":{"start":{"line":17,"column":40},"end":{"line":17,"column":68}},"type":"cond-expr","locations":[{"start":{"line":17,"column":56},"end":{"line":17,"column":60}},{"start":{"line":17,"column":63},"end":{"line":17,"column":68}}],"line":17}},"s":{"0":0,"1":0,"2":0,"3":0,"4":0,"5":0,"6":0},"f":{"0":0,"1":0,"2":0,"3":0,"4":0},"b":{"0":[0,0],"1":[0,0]},"hash":"8398e4a206dd937120560369fab52e360ea7d4ac"}
,"/Users/jonathanwalker/Documents/CODE/hooks-training/src/exercises/2_use-effect/completed/index.js": {"path":"/Users/jonathanwalker/Documents/CODE/hooks-training/src/exercises/2_use-effect/completed/index.js","statementMap":{"0":{"start":{"line":6,"column":22},"end":{"line":6,"column":43}},"1":{"start":{"line":8,"column":2},"end":{"line":10,"column":10}},"2":{"start":{"line":9,"column":4},"end":{"line":9,"column":60}},"3":{"start":{"line":12,"column":2},"end":{"line":12,"column":54}},"4":{"start":{"line":12,"column":40},"end":{"line":12,"column":50}}},"fnMap":{"0":{"name":"Exercise2","decl":{"start":{"line":5,"column":24},"end":{"line":5,"column":33}},"loc":{"start":{"line":5,"column":36},"end":{"line":13,"column":1}},"line":5},"1":{"name":"(anonymous_1)","decl":{"start":{"line":8,"column":18},"end":{"line":8,"column":19}},"loc":{"start":{"line":8,"column":24},"end":{"line":10,"column":3}},"line":8},"2":{"name":"(anonymous_2)","decl":{"start":{"line":12,"column":34},"end":{"line":12,"column":35}},"loc":{"start":{"line":12,"column":40},"end":{"line":12,"column":50}},"line":12}},"branchMap":{"0":{"loc":{"start":{"line":9,"column":38},"end":{"line":9,"column":55}},"type":"cond-expr","locations":[{"start":{"line":9,"column":43},"end":{"line":9,"column":47}},{"start":{"line":9,"column":50},"end":{"line":9,"column":55}}],"line":9}},"s":{"0":0,"1":0,"2":0,"3":0,"4":0},"f":{"0":0,"1":0,"2":0},"b":{"0":[0,0]},"hash":"80ccc65147939db6faec5f74c31d781fc75bd4e2"}
,"/Users/jonathanwalker/Documents/CODE/hooks-training/src/exercises/3_use-effect-tidy-up/index.js": {"path":"/Users/jonathanwalker/Documents/CODE/hooks-training/src/exercises/3_use-effect-tidy-up/index.js","statementMap":{"0":{"start":{"line":6,"column":12},"end":{"line":6,"column":27}},"1":{"start":{"line":12,"column":6},"end":{"line":12,"column":58}},"2":{"start":{"line":16,"column":6},"end":{"line":16,"column":61}},"3":{"start":{"line":20,"column":19},"end":{"line":23,"column":5}},"4":{"start":{"line":21,"column":23},"end":{"line":21,"column":70}},"5":{"start":{"line":22,"column":6},"end":{"line":22,"column":54}},"6":{"start":{"line":26,"column":6},"end":{"line":30,"column":7}}},"fnMap":{"0":{"name":"(anonymous_0)","decl":{"start":{"line":11,"column":4},"end":{"line":11,"column":5}},"loc":{"start":{"line":11,"column":24},"end":{"line":13,"column":5}},"line":11},"1":{"name":"(anonymous_1)","decl":{"start":{"line":15,"column":4},"end":{"line":15,"column":5}},"loc":{"start":{"line":15,"column":27},"end":{"line":17,"column":5}},"line":15},"2":{"name":"(anonymous_2)","decl":{"start":{"line":20,"column":19},"end":{"line":20,"column":20}},"loc":{"start":{"line":20,"column":30},"end":{"line":23,"column":5}},"line":20},"3":{"name":"(anonymous_3)","decl":{"start":{"line":25,"column":4},"end":{"line":25,"column":5}},"loc":{"start":{"line":25,"column":13},"end":{"line":31,"column":5}},"line":25}},"branchMap":{"0":{"loc":{"start":{"line":21,"column":23},"end":{"line":21,"column":70}},"type":"binary-expr","locations":[{"start":{"line":21,"column":23},"end":{"line":21,"column":41}},{"start":{"line":21,"column":45},"end":{"line":21,"column":65}},{"start":{"line":21,"column":69},"end":{"line":21,"column":70}}],"line":21}},"s":{"0":0,"1":0,"2":0,"3":0,"4":0,"5":0,"6":0},"f":{"0":0,"1":0,"2":0,"3":0},"b":{"0":[0,0,0]},"hash":"7c939476b628f2a3f316a40138e7f35afb9bd7a5"}
,"/Users/jonathanwalker/Documents/CODE/hooks-training/src/exercises/3_use-effect-tidy-up/completed/index.js": {"path":"/Users/jonathanwalker/Documents/CODE/hooks-training/src/exercises/3_use-effect-tidy-up/completed/index.js","statementMap":{"0":{"start":{"line":4,"column":34},"end":{"line":4,"column":51}},"1":{"start":{"line":6,"column":2},"end":{"line":18,"column":8}},"2":{"start":{"line":9,"column":26},"end":{"line":9,"column":73}},"3":{"start":{"line":10,"column":6},"end":{"line":10,"column":41}},"4":{"start":{"line":14,"column":4},"end":{"line":14,"column":51}},"5":{"start":{"line":17,"column":4},"end":{"line":17,"column":67}},"6":{"start":{"line":17,"column":17},"end":{"line":17,"column":67}},"7":{"start":{"line":20,"column":2},"end":{"line":20,"column":17}},"8":{"start":{"line":24,"column":19},"end":{"line":24,"column":35}},"9":{"start":{"line":25,"column":2},"end":{"line":29,"column":3}}},"fnMap":{"0":{"name":"usePageYOffset","decl":{"start":{"line":3,"column":9},"end":{"line":3,"column":23}},"loc":{"start":{"line":3,"column":26},"end":{"line":21,"column":1}},"line":3},"1":{"name":"(anonymous_1)","decl":{"start":{"line":6,"column":18},"end":{"line":6,"column":19}},"loc":{"start":{"line":6,"column":24},"end":{"line":18,"column":3}},"line":6},"2":{"name":"handleScroll","decl":{"start":{"line":8,"column":13},"end":{"line":8,"column":25}},"loc":{"start":{"line":8,"column":33},"end":{"line":11,"column":5}},"line":8},"3":{"name":"(anonymous_3)","decl":{"start":{"line":17,"column":11},"end":{"line":17,"column":12}},"loc":{"start":{"line":17,"column":17},"end":{"line":17,"column":67}},"line":17},"4":{"name":"Exercise3","decl":{"start":{"line":23,"column":24},"end":{"line":23,"column":33}},"loc":{"start":{"line":23,"column":36},"end":{"line":30,"column":1}},"line":23}},"branchMap":{"0":{"loc":{"start":{"line":9,"column":26},"end":{"line":9,"column":73}},"type":"binary-expr","locations":[{"start":{"line":9,"column":26},"end":{"line":9,"column":44}},{"start":{"line":9,"column":48},"end":{"line":9,"column":68}},{"start":{"line":9,"column":72},"end":{"line":9,"column":73}}],"line":9}},"s":{"0":0,"1":0,"2":0,"3":0,"4":0,"5":0,"6":0,"7":0,"8":0,"9":0},"f":{"0":0,"1":0,"2":0,"3":0,"4":0},"b":{"0":[0,0,0]},"hash":"c598d22d394b0b1d5393e5b9bfa08b2889368588"}
,"/Users/jonathanwalker/Documents/CODE/hooks-training/src/exercises/4_use-reducer/index.js": {"path":"/Users/jonathanwalker/Documents/CODE/hooks-training/src/exercises/4_use-reducer/index.js","statementMap":{"0":{"start":{"line":8,"column":12},"end":{"line":11,"column":5}},"1":{"start":{"line":15,"column":15},"end":{"line":15,"column":32}},"2":{"start":{"line":17,"column":21},"end":{"line":31,"column":5}},"3":{"start":{"line":18,"column":6},"end":{"line":28,"column":7}},"4":{"start":{"line":19,"column":8},"end":{"line":19,"column":44}},"5":{"start":{"line":21,"column":26},"end":{"line":21,"column":55}},"6":{"start":{"line":22,"column":8},"end":{"line":27,"column":13}},"7":{"start":{"line":23,"column":24},"end":{"line":23,"column":46}},"8":{"start":{"line":26,"column":10},"end":{"line":26,"column":84}},"9":{"start":{"line":26,"column":35},"end":{"line":26,"column":83}},"10":{"start":{"line":30,"column":6},"end":{"line":30,"column":66}},"11":{"start":{"line":30,"column":31},"end":{"line":30,"column":65}},"12":{"start":{"line":33,"column":23},"end":{"line":37,"column":5}},"13":{"start":{"line":34,"column":6},"end":{"line":34,"column":42}},"14":{"start":{"line":36,"column":6},"end":{"line":36,"column":65}},"15":{"start":{"line":36,"column":31},"end":{"line":36,"column":64}},"16":{"start":{"line":40,"column":6},"end":{"line":49,"column":7}}},"fnMap":{"0":{"name":"(anonymous_0)","decl":{"start":{"line":17,"column":21},"end":{"line":17,"column":22}},"loc":{"start":{"line":17,"column":27},"end":{"line":31,"column":5}},"line":17},"1":{"name":"(anonymous_1)","decl":{"start":{"line":22,"column":44},"end":{"line":22,"column":45}},"loc":{"start":{"line":22,"column":50},"end":{"line":27,"column":9}},"line":22},"2":{"name":"(anonymous_2)","decl":{"start":{"line":26,"column":24},"end":{"line":26,"column":25}},"loc":{"start":{"line":26,"column":35},"end":{"line":26,"column":83}},"line":26},"3":{"name":"(anonymous_3)","decl":{"start":{"line":30,"column":20},"end":{"line":30,"column":21}},"loc":{"start":{"line":30,"column":31},"end":{"line":30,"column":65}},"line":30},"4":{"name":"(anonymous_4)","decl":{"start":{"line":33,"column":23},"end":{"line":33,"column":24}},"loc":{"start":{"line":33,"column":29},"end":{"line":37,"column":5}},"line":33},"5":{"name":"(anonymous_5)","decl":{"start":{"line":36,"column":20},"end":{"line":36,"column":21}},"loc":{"start":{"line":36,"column":31},"end":{"line":36,"column":64}},"line":36},"6":{"name":"(anonymous_6)","decl":{"start":{"line":39,"column":4},"end":{"line":39,"column":5}},"loc":{"start":{"line":39,"column":13},"end":{"line":50,"column":5}},"line":39}},"branchMap":{"0":{"loc":{"start":{"line":18,"column":6},"end":{"line":28,"column":7}},"type":"if","locations":[{"start":{"line":18,"column":6},"end":{"line":28,"column":7}},{"start":{"line":18,"column":6},"end":{"line":28,"column":7}}],"line":18}},"s":{"0":0,"1":0,"2":0,"3":0,"4":0,"5":0,"6":0,"7":0,"8":0,"9":0,"10":0,"11":0,"12":0,"13":0,"14":0,"15":0,"16":0},"f":{"0":0,"1":0,"2":0,"3":0,"4":0,"5":0,"6":0},"b":{"0":[0,0]},"hash":"a4670b37e685152e695d7f8353b0b6b3de9c126a"}
,"/Users/jonathanwalker/Documents/CODE/hooks-training/src/exercises/4_use-reducer/completed/index.js": {"path":"/Users/jonathanwalker/Documents/CODE/hooks-training/src/exercises/4_use-reducer/completed/index.js","statementMap":{"0":{"start":{"line":10,"column":19},"end":{"line":10,"column":37}},"1":{"start":{"line":12,"column":41},"end":{"line":12,"column":96}},"2":{"start":{"line":15,"column":4},"end":{"line":22,"column":5}},"3":{"start":{"line":16,"column":6},"end":{"line":16,"column":37}},"4":{"start":{"line":18,"column":24},"end":{"line":18,"column":42}},"5":{"start":{"line":19,"column":6},"end":{"line":21,"column":11}},"6":{"start":{"line":20,"column":8},"end":{"line":20,"column":67}},"7":{"start":{"line":23,"column":4},"end":{"line":23,"column":32}},"8":{"start":{"line":27,"column":4},"end":{"line":27,"column":35}},"9":{"start":{"line":28,"column":4},"end":{"line":28,"column":31}},"10":{"start":{"line":31,"column":2},"end":{"line":33,"column":3}},"11":{"start":{"line":37,"column":73},"end":{"line":37,"column":87}},"12":{"start":{"line":38,"column":85},"end":{"line":38,"column":99}},"13":{"start":{"line":39,"column":2},"end":{"line":61,"column":3}}},"fnMap":{"0":{"name":"useStopWatch","decl":{"start":{"line":8,"column":16},"end":{"line":8,"column":28}},"loc":{"start":{"line":8,"column":31},"end":{"line":34,"column":1}},"line":8},"1":{"name":"handleRunClick","decl":{"start":{"line":14,"column":11},"end":{"line":14,"column":25}},"loc":{"start":{"line":14,"column":28},"end":{"line":24,"column":3}},"line":14},"2":{"name":"(anonymous_2)","decl":{"start":{"line":19,"column":37},"end":{"line":19,"column":38}},"loc":{"start":{"line":19,"column":43},"end":{"line":21,"column":7}},"line":19},"3":{"name":"handleClearClick","decl":{"start":{"line":26,"column":11},"end":{"line":26,"column":27}},"loc":{"start":{"line":26,"column":30},"end":{"line":29,"column":3}},"line":26},"4":{"name":"Exercise4","decl":{"start":{"line":36,"column":24},"end":{"line":36,"column":33}},"loc":{"start":{"line":36,"column":36},"end":{"line":62,"column":1}},"line":36}},"branchMap":{"0":{"loc":{"start":{"line":15,"column":4},"end":{"line":22,"column":5}},"type":"if","locations":[{"start":{"line":15,"column":4},"end":{"line":22,"column":5}},{"start":{"line":15,"column":4},"end":{"line":22,"column":5}}],"line":15}},"s":{"0":0,"1":0,"2":0,"3":0,"4":0,"5":0,"6":0,"7":0,"8":0,"9":0,"10":0,"11":0,"12":0,"13":0},"f":{"0":0,"1":0,"2":0,"3":0,"4":0},"b":{"0":[0,0]},"hash":"a581da646c3a598af29ea30f0453003e4b6b0067"}
[...]
,"/Users/jonathanwalker/Documents/CODE/hooks-training/src/exercises/6_use-callback/index.js": {"path":"/Users/jonathanwalker/Documents/CODE/hooks-training/src/exercises/6_use-callback/index.js","statementMap":{"0":{"start":{"line":6,"column":24},"end":{"line":6,"column":42}},"1":{"start":{"line":7,"column":32},"end":{"line":7,"column":53}},"2":{"start":{"line":8,"column":32},"end":{"line":8,"column":53}},"3":{"start":{"line":10,"column":25},"end":{"line":10,"column":67}},"4":{"start":{"line":10,"column":45},"end":{"line":10,"column":59}},"5":{"start":{"line":13,"column":2},"end":{"line":38,"column":3}},"6":{"start":{"line":21,"column":29},"end":{"line":21,"column":49}},"7":{"start":{"line":22,"column":30},"end":{"line":22,"column":52}},"8":{"start":{"line":33,"column":26},"end":{"line":33,"column":46}}},"fnMap":{"0":{"name":"Exercise5","decl":{"start":{"line":5,"column":24},"end":{"line":5,"column":33}},"loc":{"start":{"line":5,"column":36},"end":{"line":39,"column":1}},"line":5},"1":{"name":"(anonymous_1)","decl":{"start":{"line":10,"column":39},"end":{"line":10,"column":40}},"loc":{"start":{"line":10,"column":45},"end":{"line":10,"column":59}},"line":10},"2":{"name":"(anonymous_2)","decl":{"start":{"line":21,"column":23},"end":{"line":21,"column":24}},"loc":{"start":{"line":21,"column":29},"end":{"line":21,"column":49}},"line":21},"3":{"name":"(anonymous_3)","decl":{"start":{"line":22,"column":23},"end":{"line":22,"column":24}},"loc":{"start":{"line":22,"column":30},"end":{"line":22,"column":52}},"line":22},"4":{"name":"(anonymous_4)","decl":{"start":{"line":33,"column":20},"end":{"line":33,"column":21}},"loc":{"start":{"line":33,"column":26},"end":{"line":33,"column":46}},"line":33}},"branchMap":{},"s":{"0":0,"1":0,"2":0,"3":0,"4":0,"5":0,"6":0,"7":0,"8":0},"f":{"0":0,"1":0,"2":0,"3":0,"4":0},"b":{},"hash":"1c917e0e0452e63ee5d9900f81ef918aca50cf3d"}
,"/Users/jonathanwalker/Documents/CODE/hooks-training/src/exercises/6_use-callback/completed/index.js": {"path":"/Users/jonathanwalker/Documents/CODE/hooks-training/src/exercises/6_use-callback/completed/index.js","statementMap":{"0":{"start":{"line":6,"column":24},"end":{"line":6,"column":42}},"1":{"start":{"line":7,"column":32},"end":{"line":7,"column":53}},"2":{"start":{"line":8,"column":32},"end":{"line":8,"column":53}},"3":{"start":{"line":10,"column":25},"end":{"line":10,"column":67}},"4":{"start":{"line":10,"column":45},"end":{"line":10,"column":59}},"5":{"start":{"line":12,"column":28},"end":{"line":14,"column":15}},"6":{"start":{"line":13,"column":4},"end":{"line":13,"column":24}},"7":{"start":{"line":16,"column":28},"end":{"line":18,"column":8}},"8":{"start":{"line":17,"column":4},"end":{"line":17,"column":26}},"9":{"start":{"line":20,"column":2},"end":{"line":43,"column":3}},"10":{"start":{"line":38,"column":26},"end":{"line":38,"column":46}}},"fnMap":{"0":{"name":"Exercise5","decl":{"start":{"line":5,"column":24},"end":{"line":5,"column":33}},"loc":{"start":{"line":5,"column":36},"end":{"line":44,"column":1}},"line":5},"1":{"name":"(anonymous_1)","decl":{"start":{"line":10,"column":39},"end":{"line":10,"column":40}},"loc":{"start":{"line":10,"column":45},"end":{"line":10,"column":59}},"line":10},"2":{"name":"(anonymous_2)","decl":{"start":{"line":12,"column":46},"end":{"line":12,"column":47}},"loc":{"start":{"line":12,"column":52},"end":{"line":14,"column":3}},"line":12},"3":{"name":"(anonymous_3)","decl":{"start":{"line":16,"column":46},"end":{"line":16,"column":47}},"loc":{"start":{"line":16,"column":53},"end":{"line":18,"column":3}},"line":16},"4":{"name":"(anonymous_4)","decl":{"start":{"line":38,"column":20},"end":{"line":38,"column":21}},"loc":{"start":{"line":38,"column":26},"end":{"line":38,"column":46}},"line":38}},"branchMap":{},"s":{"0":0,"1":0,"2":0,"3":0,"4":0,"5":0,"6":0,"7":0,"8":0,"9":0,"10":0},"f":{"0":0,"1":0,"2":0,"3":0,"4":0},"b":{},"hash":"b8fb2c02a0b21b87eb769397c759ea202df89ccf"}
,"/Users/jonathanwalker/Documents/CODE/hooks-training/src/exercises/7_use-context/index.js": {"path":"/Users/jonathanwalker/Documents/CODE/hooks-training/src/exercises/7_use-context/index.js","statementMap":{"0":{"start":{"line":6,"column":10},"end":{"line":8,"column":3}},"1":{"start":{"line":10,"column":21},"end":{"line":14,"column":5}},"2":{"start":{"line":11,"column":6},"end":{"line":11,"column":74}},"3":{"start":{"line":13,"column":6},"end":{"line":13,"column":37}},"4":{"start":{"line":16,"column":18},"end":{"line":18,"column":5}},"5":{"start":{"line":17,"column":6},"end":{"line":17,"column":46}},"6":{"start":{"line":20,"column":31},"end":{"line":22,"column":5}},"7":{"start":{"line":21,"column":6},"end":{"line":21,"column":73}},"8":{"start":{"line":26,"column":34},"end":{"line":26,"column":52}},"9":{"start":{"line":29,"column":27},"end":{"line":29,"column":37}},"10":{"start":{"line":30,"column":6},"end":{"line":74,"column":7}},"11":{"start":{"line":44,"column":31},"end":{"line":44,"column":74}},"12":{"start":{"line":65,"column":34},"end":{"line":65,"column":78}},"13":{"start":{"line":78,"column":0},"end":{"line":78,"column":29}}},"fnMap":{"0":{"name":"(anonymous_0)","decl":{"start":{"line":10,"column":21},"end":{"line":10,"column":22}},"loc":{"start":{"line":10,"column":27},"end":{"line":14,"column":5}},"line":10},"1":{"name":"(anonymous_1)","decl":{"start":{"line":16,"column":18},"end":{"line":16,"column":19}},"loc":{"start":{"line":16,"column":24},"end":{"line":18,"column":5}},"line":16},"2":{"name":"(anonymous_2)","decl":{"start":{"line":20,"column":31},"end":{"line":20,"column":32}},"loc":{"start":{"line":20,"column":47},"end":{"line":22,"column":5}},"line":20},"3":{"name":"(anonymous_3)","decl":{"start":{"line":24,"column":4},"end":{"line":24,"column":5}},"loc":{"start":{"line":24,"column":13},"end":{"line":75,"column":5}},"line":24},"4":{"name":"(anonymous_4)","decl":{"start":{"line":44,"column":24},"end":{"line":44,"column":25}},"loc":{"start":{"line":44,"column":31},"end":{"line":44,"column":74}},"line":44},"5":{"name":"(anonymous_5)","decl":{"start":{"line":65,"column":25},"end":{"line":65,"column":26}},"loc":{"start":{"line":65,"column":34},"end":{"line":65,"column":78}},"line":65}},"branchMap":{"0":{"loc":{"start":{"line":71,"column":12},"end":{"line":71,"column":78}},"type":"binary-expr","locations":[{"start":{"line":71,"column":12},"end":{"line":71,"column":21}},{"start":{"line":71,"column":25},"end":{"line":71,"column":78}}],"line":71}},"s":{"0":0,"1":0,"2":0,"3":0,"4":0,"5":0,"6":0,"7":0,"8":0,"9":0,"10":0,"11":0,"12":0,"13":0},"f":{"0":0,"1":0,"2":0,"3":0,"4":0,"5":0},"b":{"0":[0,0]},"hash":"b3eb15a039c421eb3f9cd766f0c3085f52829eb6"}
,"/Users/jonathanwalker/Documents/CODE/hooks-training/src/exercises/7_use-context/completed/index.js": {"path":"/Users/jonathanwalker/Documents/CODE/hooks-training/src/exercises/7_use-context/completed/index.js","statementMap":{"0":{"start":{"line":7,"column":34},"end":{"line":7,"column":52}},"1":{"start":{"line":10,"column":51},"end":{"line":10,"column":74}},"2":{"start":{"line":13,"column":4},"end":{"line":13,"column":48}},"3":{"start":{"line":14,"column":4},"end":{"line":14,"column":19}},"4":{"start":{"line":17,"column":2},"end":{"line":61,"column":3}},"5":{"start":{"line":19,"column":43},"end":{"line":19,"column":70}},"6":{"start":{"line":31,"column":27},"end":{"line":31,"column":54}},"7":{"start":{"line":49,"column":62},"end":{"line":49,"column":116}},"8":{"start":{"line":52,"column":30},"end":{"line":52,"column":74}}},"fnMap":{"0":{"name":"Exercise8","decl":{"start":{"line":5,"column":24},"end":{"line":5,"column":33}},"loc":{"start":{"line":5,"column":36},"end":{"line":62,"column":1}},"line":5},"1":{"name":"handleNewBreed","decl":{"start":{"line":12,"column":11},"end":{"line":12,"column":25}},"loc":{"start":{"line":12,"column":28},"end":{"line":15,"column":3}},"line":12},"2":{"name":"(anonymous_2)","decl":{"start":{"line":19,"column":37},"end":{"line":19,"column":38}},"loc":{"start":{"line":19,"column":43},"end":{"line":19,"column":70}},"line":19},"3":{"name":"(anonymous_3)","decl":{"start":{"line":31,"column":20},"end":{"line":31,"column":21}},"loc":{"start":{"line":31,"column":27},"end":{"line":31,"column":54}},"line":31},"4":{"name":"(anonymous_4)","decl":{"start":{"line":49,"column":46},"end":{"line":49,"column":47}},"loc":{"start":{"line":49,"column":62},"end":{"line":49,"column":116}},"line":49},"5":{"name":"(anonymous_5)","decl":{"start":{"line":52,"column":21},"end":{"line":52,"column":22}},"loc":{"start":{"line":52,"column":30},"end":{"line":52,"column":74}},"line":52}},"branchMap":{"0":{"loc":{"start":{"line":58,"column":8},"end":{"line":58,"column":74}},"type":"binary-expr","locations":[{"start":{"line":58,"column":8},"end":{"line":58,"column":17}},{"start":{"line":58,"column":21},"end":{"line":58,"column":74}}],"line":58}},"s":{"0":0,"1":0,"2":0,"3":0,"4":0,"5":0,"6":0,"7":0,"8":0},"f":{"0":0,"1":0,"2":0,"3":0,"4":0,"5":0},"b":{"0":[0,0]},"hash":"a1bf170aa6a883b5461d47f286d7656456ac09d4"}
,"/Users/jonathanwalker/Documents/CODE/hooks-training/src/exercises/8_local-storage-exercise/index.js": {"path":"/Users/jonathanwalker/Documents/CODE/hooks-training/src/exercises/8_local-storage-exercise/index.js","statementMap":{"0":{"start":{"line":4,"column":36},"end":{"line":4,"column":54}},"1":{"start":{"line":6,"column":2},"end":{"line":15,"column":3}},"2":{"start":{"line":12,"column":25},"end":{"line":12,"column":53}}},"fnMap":{"0":{"name":"Exercise7","decl":{"start":{"line":3,"column":24},"end":{"line":3,"column":33}},"loc":{"start":{"line":3,"column":36},"end":{"line":16,"column":1}},"line":3},"1":{"name":"(anonymous_1)","decl":{"start":{"line":12,"column":18},"end":{"line":12,"column":19}},"loc":{"start":{"line":12,"column":25},"end":{"line":12,"column":53}},"line":12}},"branchMap":{},"s":{"0":0,"1":0,"2":0},"f":{"0":0,"1":0},"b":{},"hash":"f5f912275b63c38134c90521bb96b699e007f4b2"}
,"/Users/jonathanwalker/Documents/CODE/hooks-training/src/exercises/8_local-storage-exercise/completed/index.js": {"path":"/Users/jonathanwalker/Documents/CODE/hooks-training/src/exercises/8_local-storage-exercise/completed/index.js","statementMap":{"0":{"start":{"line":4,"column":28},"end":{"line":13,"column":4}},"1":{"start":{"line":5,"column":4},"end":{"line":12,"column":5}},"2":{"start":{"line":7,"column":19},"end":{"line":7,"column":51}},"3":{"start":{"line":9,"column":6},"end":{"line":9,"column":51}},"4":{"start":{"line":11,"column":6},"end":{"line":11,"column":25}},"5":{"start":{"line":16,"column":4},"end":{"line":23,"column":5}},"6":{"start":{"line":18,"column":6},"end":{"line":18,"column":24}},"7":{"start":{"line":20,"column":6},"end":{"line":20,"column":64}},"8":{"start":{"line":22,"column":6},"end":{"line":22,"column":24}},"9":{"start":{"line":26,"column":2},"end":{"line":26,"column":32}},"10":{"start":{"line":30,"column":36},"end":{"line":30,"column":69}},"11":{"start":{"line":32,"column":2},"end":{"line":41,"column":3}},"12":{"start":{"line":38,"column":25},"end":{"line":38,"column":53}}},"fnMap":{"0":{"name":"useLocalStorage","decl":{"start":{"line":3,"column":9},"end":{"line":3,"column":24}},"loc":{"start":{"line":3,"column":44},"end":{"line":27,"column":1}},"line":3},"1":{"name":"(anonymous_1)","decl":{"start":{"line":4,"column":43},"end":{"line":4,"column":44}},"loc":{"start":{"line":4,"column":49},"end":{"line":13,"column":3}},"line":4},"2":{"name":"setStoredValue","decl":{"start":{"line":15,"column":11},"end":{"line":15,"column":25}},"loc":{"start":{"line":15,"column":36},"end":{"line":24,"column":3}},"line":15},"3":{"name":"Exercise7","decl":{"start":{"line":29,"column":24},"end":{"line":29,"column":33}},"loc":{"start":{"line":29,"column":36},"end":{"line":42,"column":1}},"line":29},"4":{"name":"(anonymous_4)","decl":{"start":{"line":38,"column":18},"end":{"line":38,"column":19}},"loc":{"start":{"line":38,"column":25},"end":{"line":38,"column":53}},"line":38}},"branchMap":{"0":{"loc":{"start":{"line":9,"column":13},"end":{"line":9,"column":51}},"type":"cond-expr","locations":[{"start":{"line":9,"column":20},"end":{"line":9,"column":36}},{"start":{"line":9,"column":39},"end":{"line":9,"column":51}}],"line":9}},"s":{"0":0,"1":0,"2":0,"3":0,"4":0,"5":0,"6":0,"7":0,"8":0,"9":0,"10":0,"11":0,"12":0},"f":{"0":0,"1":0,"2":0,"3":0,"4":0},"b":{"0":[0,0]},"hash":"9b2d803d49a1ca2255a37584264f41955b9d8177"}
,"/Users/jonathanwalker/Documents/CODE/hooks-training/src/exercises/9_html-form-exercise/index.js": {"path":"/Users/jonathanwalker/Documents/CODE/hooks-training/src/exercises/9_html-form-exercise/index.js","statementMap":{"0":{"start":{"line":4,"column":40},"end":{"line":7,"column":4}},"1":{"start":{"line":10,"column":4},"end":{"line":10,"column":26}},"2":{"start":{"line":11,"column":24},"end":{"line":11,"column":60}},"3":{"start":{"line":12,"column":4},"end":{"line":12,"column":35}},"4":{"start":{"line":13,"column":4},"end":{"line":18,"column":5}},"5":{"start":{"line":14,"column":6},"end":{"line":14,"column":39}},"6":{"start":{"line":15,"column":6},"end":{"line":15,"column":39}},"7":{"start":{"line":17,"column":6},"end":{"line":17,"column":48}},"8":{"start":{"line":21,"column":2},"end":{"line":33,"column":3}}},"fnMap":{"0":{"name":"Exercise9","decl":{"start":{"line":3,"column":24},"end":{"line":3,"column":33}},"loc":{"start":{"line":3,"column":54},"end":{"line":34,"column":1}},"line":3},"1":{"name":"handleSubmit","decl":{"start":{"line":9,"column":17},"end":{"line":9,"column":29}},"loc":{"start":{"line":9,"column":37},"end":{"line":19,"column":3}},"line":9}},"branchMap":{"0":{"loc":{"start":{"line":30,"column":32},"end":{"line":30,"column":73}},"type":"cond-expr","locations":[{"start":{"line":30,"column":55},"end":{"line":30,"column":66}},{"start":{"line":30,"column":69},"end":{"line":30,"column":73}}],"line":30},"1":{"loc":{"start":{"line":31,"column":31},"end":{"line":31,"column":75}},"type":"cond-expr","locations":[{"start":{"line":31,"column":55},"end":{"line":31,"column":68}},{"start":{"line":31,"column":71},"end":{"line":31,"column":75}}],"line":31}},"s":{"0":0,"1":0,"2":0,"3":0,"4":0,"5":0,"6":0,"7":0,"8":0},"f":{"0":0,"1":0},"b":{"0":[0,0],"1":[0,0]},"hash":"9997c5762d8fdd6a5e0771b6a2563511cf6c79ce"}
,"/Users/jonathanwalker/Documents/CODE/hooks-training/src/toys/StateProvider/index.js": {"path":"/Users/jonathanwalker/Documents/CODE/hooks-training/src/toys/StateProvider/index.js","statementMap":{"0":{"start":{"line":3,"column":13},"end":{"line":15,"column":1}},"1":{"start":{"line":17,"column":21},"end":{"line":17,"column":52}},"2":{"start":{"line":18,"column":14},"end":{"line":18,"column":47}},"3":{"start":{"line":19,"column":21},"end":{"line":19,"column":26}},"4":{"start":{"line":21,"column":22},"end":{"line":50,"column":1}},"5":{"start":{"line":22,"column":28},"end":{"line":47,"column":18}},"6":{"start":{"line":23,"column":4},"end":{"line":46,"column":5}},"7":{"start":{"line":25,"column":8},"end":{"line":25,"column":74}},"8":{"start":{"line":25,"column":29},"end":{"line":25,"column":74}},"9":{"start":{"line":26,"column":8},"end":{"line":32,"column":9}},"10":{"start":{"line":35,"column":8},"end":{"line":35,"column":27}},"11":{"start":{"line":38,"column":8},"end":{"line":38,"column":81}},"12":{"start":{"line":38,"column":29},"end":{"line":38,"column":81}},"13":{"start":{"line":39,"column":8},"end":{"line":42,"column":9}},"14":{"start":{"line":45,"column":8},"end":{"line":45,"column":25}},"15":{"start":{"line":49,"column":2},"end":{"line":49,"column":68}}},"fnMap":{"0":{"name":"(anonymous_0)","decl":{"start":{"line":21,"column":22},"end":{"line":21,"column":23}},"loc":{"start":{"line":21,"column":40},"end":{"line":50,"column":1}},"line":21},"1":{"name":"(anonymous_1)","decl":{"start":{"line":22,"column":45},"end":{"line":22,"column":46}},"loc":{"start":{"line":22,"column":71},"end":{"line":47,"column":3}},"line":22}},"branchMap":{"0":{"loc":{"start":{"line":23,"column":4},"end":{"line":46,"column":5}},"type":"switch","locations":[{"start":{"line":24,"column":6},"end":{"line":32,"column":9}},{"start":{"line":34,"column":6},"end":{"line":35,"column":27}},{"start":{"line":37,"column":6},"end":{"line":42,"column":9}},{"start":{"line":44,"column":6},"end":{"line":45,"column":25}}],"line":23},"1":{"loc":{"start":{"line":25,"column":8},"end":{"line":25,"column":74}},"type":"if","locations":[{"start":{"line":25,"column":8},"end":{"line":25,"column":74}},{"start":{"line":25,"column":8},"end":{"line":25,"column":74}}],"line":25},"2":{"loc":{"start":{"line":38,"column":8},"end":{"line":38,"column":81}},"type":"if","locations":[{"start":{"line":38,"column":8},"end":{"line":38,"column":81}},{"start":{"line":38,"column":8},"end":{"line":38,"column":81}}],"line":38}},"s":{"0":0,"1":0,"2":0,"3":0,"4":0,"5":0,"6":0,"7":0,"8":0,"9":0,"10":0,"11":0,"12":0,"13":0,"14":0,"15":0},"f":{"0":0,"1":0},"b":{"0":[0,0,0,0],"1":[0,0],"2":[0,0]},"hash":"79b46a8f875f4ecb22ae6fd1269dd9b222a64b91"}
,"/Users/jonathanwalker/Documents/CODE/hooks-training/src/toys/Switch/index.js": {"path":"/Users/jonathanwalker/Documents/CODE/hooks-training/src/toys/Switch/index.js","statementMap":{"0":{"start":{"line":4,"column":13},"end":{"line":4,"column":21}},"1":{"start":{"line":14,"column":8},"end":{"line":14,"column":18}},"2":{"start":{"line":15,"column":25},"end":{"line":21,"column":16}},"3":{"start":{"line":22,"column":4},"end":{"line":39,"column":5}}},"fnMap":{"0":{"name":"(anonymous_0)","decl":{"start":{"line":4,"column":13},"end":{"line":4,"column":14}},"loc":{"start":{"line":4,"column":19},"end":{"line":4,"column":21}},"line":4},"1":{"name":"(anonymous_1)","decl":{"start":{"line":7,"column":2},"end":{"line":7,"column":3}},"loc":{"start":{"line":7,"column":11},"end":{"line":40,"column":3}},"line":7}},"branchMap":{"0":{"loc":{"start":{"line":10,"column":6},"end":{"line":10,"column":20}},"type":"default-arg","locations":[{"start":{"line":10,"column":18},"end":{"line":10,"column":20}}],"line":10},"1":{"loc":{"start":{"line":18,"column":6},"end":{"line":18,"column":45}},"type":"cond-expr","locations":[{"start":{"line":18,"column":11},"end":{"line":18,"column":26}},{"start":{"line":18,"column":29},"end":{"line":18,"column":45}}],"line":18},"2":{"loc":{"start":{"line":24,"column":20},"end":{"line":24,"column":41}},"type":"binary-expr","locations":[{"start":{"line":24,"column":20},"end":{"line":24,"column":29}},{"start":{"line":24,"column":33},"end":{"line":24,"column":41}}],"line":24}},"s":{"0":0,"1":0,"2":0,"3":0},"f":{"0":0,"1":0},"b":{"0":[0],"1":[0,0],"2":[0,0]},"hash":"e7d16d1a6018c82f4c276afc3bef66bf74f907d1"}
}
