TN:
SF:/Users/jonathanwalker/Documents/CODE/hooks-training/src/App.js
FN:49,Home
FN:57,ExerciseContainer
FN:79,updateUsername
FN:80,(anonymous_3)
FN:81,(anonymous_4)
FN:91,New
FN:101,Completed
FN:111,App
FNF:8
FNH:0
FNDA:0,Home
FNDA:0,ExerciseContainer
FNDA:0,updateUsername
FNDA:0,(anonymous_3)
FNDA:0,(anonymous_4)
FNDA:0,New
FNDA:0,Completed
FNDA:0,App
DA:11,0
DA:30,0
DA:50,0
DA:58,0
DA:80,0
DA:81,0
DA:82,0
DA:83,0
DA:85,0
DA:92,0
DA:94,0
DA:102,0
DA:104,0
DA:112,0
LF:14
LH:0
BRDA:69,0,0,0
BRDA:69,0,1,0
BRDA:82,1,0,0
BRDA:82,1,1,0
BRF:4
BRH:0
end_of_record
TN:
SF:/Users/jonathanwalker/Documents/CODE/hooks-training/src/index.js
FNF:0
FNH:0
DA:7,0
DA:17,0
LF:2
LH:0
BRF:0
BRH:0
end_of_record
TN:
SF:/Users/jonathanwalker/Documents/CODE/hooks-training/src/serviceWorker.js
FN:23,register
FN:34,(anonymous_1)
FN:43,(anonymous_2)
FN:57,registerValidSW
FN:60,(anonymous_4)
FN:61,(anonymous_5)
FN:66,(anonymous_6)
FN:96,(anonymous_7)
FN:101,checkValidServiceWorker
FN:106,(anonymous_9)
FN:114,(anonymous_10)
FN:115,(anonymous_11)
FN:124,(anonymous_12)
FN:131,unregister
FN:134,(anonymous_14)
FN:137,(anonymous_15)
FNF:16
FNH:0
FNDA:0,register
FNDA:0,(anonymous_1)
FNDA:0,(anonymous_2)
FNDA:0,registerValidSW
FNDA:0,(anonymous_4)
FNDA:0,(anonymous_5)
FNDA:0,(anonymous_6)
FNDA:0,(anonymous_7)
FNDA:0,checkValidServiceWorker
FNDA:0,(anonymous_9)
FNDA:0,(anonymous_10)
FNDA:0,(anonymous_11)
FNDA:0,(anonymous_12)
FNDA:0,unregister
FNDA:0,(anonymous_14)
FNDA:0,(anonymous_15)
DA:13,0
DA:24,0
DA:26,0
DA:27,0
DA:31,0
DA:34,0
DA:35,0
DA:37,0
DA:39,0
DA:43,0
DA:44,0
DA:51,0
DA:58,0
DA:61,0
DA:62,0
DA:63,0
DA:64,0
DA:66,0
DA:67,0
DA:68,0
DA:72,0
DA:78,0
DA:79,0
DA:85,0
DA:88,0
DA:89,0
DA:97,0
DA:103,0
DA:108,0
DA:109,0
DA:114,0
DA:115,0
DA:116,0
DA:121,0
DA:125,0
DA:132,0
DA:133,0
DA:135,0
DA:138,0
LF:39
LH:0
BRDA:14,0,0,0
BRDA:14,0,1,0
BRDA:14,0,2,0
BRDA:24,1,0,0
BRDA:24,1,1,0
BRDA:24,2,0,0
BRDA:24,2,1,0
BRDA:27,3,0,0
BRDA:27,3,1,0
BRDA:37,4,0,0
BRDA:37,4,1,0
BRDA:63,5,0,0
BRDA:63,5,1,0
BRDA:67,6,0,0
BRDA:67,6,1,0
BRDA:68,7,0,0
BRDA:68,7,1,0
BRDA:78,8,0,0
BRDA:78,8,1,0
BRDA:78,9,0,0
BRDA:78,9,1,0
BRDA:88,10,0,0
BRDA:88,10,1,0
BRDA:88,11,0,0
BRDA:88,11,1,0
BRDA:109,12,0,0
BRDA:109,12,1,0
BRDA:110,13,0,0
BRDA:110,13,1,0
BRDA:110,13,2,0
BRDA:132,14,0,0
BRDA:132,14,1,0
BRF:32
BRH:0
end_of_record
TN:
SF:/Users/jonathanwalker/Documents/CODE/hooks-training/src/exercises/10_will-unmount/index.js
FN:5,useWillUnmount
FN:6,(anonymous_1)
FN:9,Exercise10
FN:18,(anonymous_3)
FN:18,(anonymous_4)
FN:24,(anonymous_5)
FN:24,(anonymous_6)
FN:30,(anonymous_7)
FNF:8
FNH:0
FNDA:0,useWillUnmount
FNDA:0,(anonymous_1)
FNDA:0,Exercise10
FNDA:0,(anonymous_3)
FNDA:0,(anonymous_4)
FNDA:0,(anonymous_5)
FNDA:0,(anonymous_6)
FNDA:0,(anonymous_7)
DA:6,0
DA:10,0
DA:11,0
DA:18,0
DA:24,0
DA:30,0
LF:6
LH:0
BRF:0
BRH:0
end_of_record
TN:
SF:/Users/jonathanwalker/Documents/CODE/hooks-training/src/exercises/10_will-unmount/completed/index.js
FN:6,useWillUnmount
FN:11,(anonymous_1)
FN:15,(anonymous_2)
FN:15,(anonymous_3)
FN:24,Exercise10
FN:33,(anonymous_5)
FN:33,(anonymous_6)
FN:39,(anonymous_7)
FN:39,(anonymous_8)
FN:45,(anonymous_9)
FNF:10
FNH:0
FNDA:0,useWillUnmount
FNDA:0,(anonymous_1)
FNDA:0,(anonymous_2)
FNDA:0,(anonymous_3)
FNDA:0,Exercise10
FNDA:0,(anonymous_5)
FNDA:0,(anonymous_6)
FNDA:0,(anonymous_7)
FNDA:0,(anonymous_8)
FNDA:0,(anonymous_9)
DA:7,0
DA:9,0
DA:11,0
DA:12,0
DA:15,0
DA:16,0
DA:17,0
DA:21,0
DA:25,0
DA:26,0
DA:33,0
DA:39,0
DA:45,0
LF:13
LH:0
BRDA:16,0,0,0
BRDA:16,0,1,0
BRF:2
BRH:0
end_of_record
TN:
SF:/Users/jonathanwalker/Documents/CODE/hooks-training/src/exercises/11_custom-media-query/index.js
FN:12,useMediaQuery
FN:14,(anonymous_1)
FNF:2
FNH:0
FNDA:0,useMediaQuery
FNDA:0,(anonymous_1)
DA:12,0
DA:15,0
DA:16,0
DA:17,0
LF:4
LH:0
BRDA:24,0,0,0
BRDA:24,0,1,0
BRDA:28,1,0,0
BRDA:28,1,1,0
BRF:4
BRH:0
end_of_record
TN:
SF:/Users/jonathanwalker/Documents/CODE/hooks-training/src/exercises/11_custom-media-query/completed/index.js
FN:3,useMediaQuery
FN:6,(anonymous_1)
FN:8,(anonymous_2)
FN:13,(anonymous_3)
FN:21,(anonymous_4)
FNF:5
FNH:0
FNDA:0,useMediaQuery
FNDA:0,(anonymous_1)
FNDA:0,(anonymous_2)
FNDA:0,(anonymous_3)
FNDA:0,(anonymous_4)
DA:4,0
DA:6,0
DA:7,0
DA:8,0
DA:10,0
DA:12,0
DA:13,0
DA:14,0
DA:18,0
DA:22,0
DA:23,0
DA:24,0
LF:12
LH:0
BRDA:31,0,0,0
BRDA:31,0,1,0
BRDA:35,1,0,0
BRDA:35,1,1,0
BRF:4
BRH:0
end_of_record
TN:
SF:/Users/jonathanwalker/Documents/CODE/hooks-training/src/exercises/12_custom-formatted-input/index.js
FN:5,useFormattedInput
FN:13,(anonymous_1)
FNF:2
FNH:0
FNDA:0,useFormattedInput
FNDA:0,(anonymous_1)
DA:10,0
DA:14,0
DA:16,0
LF:3
LH:0
BRDA:5,0,0,0
BRDA:29,1,0,0
BRDA:29,1,1,0
BRF:3
BRH:0
end_of_record
TN:
SF:/Users/jonathanwalker/Documents/CODE/hooks-training/src/exercises/12_custom-formatted-input/completed/index.js
FN:5,useFormattedInput
FN:11,onFocusToggle
FN:15,onChange
FN:24,(anonymous_3)
FNF:4
FNH:0
FNDA:0,useFormattedInput
FNDA:0,onFocusToggle
FNDA:0,onChange
FNDA:0,(anonymous_3)
DA:6,0
DA:8,0
DA:9,0
DA:12,0
DA:16,0
DA:19,0
DA:21,0
DA:25,0
DA:27,0
LF:9
LH:0
BRDA:5,0,0,0
BRDA:6,1,0,0
BRDA:6,1,1,0
BRDA:19,2,0,0
BRDA:19,2,1,0
BRDA:40,3,0,0
BRDA:40,3,1,0
BRF:7
BRH:0
end_of_record
TN:
SF:/Users/jonathanwalker/Documents/CODE/hooks-training/src/exercises/12_custom-formatted-input/helper/index.js
FN:1,formatCreditCardNumber
FNF:1
FNH:0
FNDA:0,formatCreditCardNumber
DA:2,0
DA:3,0
DA:4,0
DA:5,0
DA:7,0
DA:8,0
DA:11,0
DA:12,0
DA:14,0
LF:9
LH:0
BRDA:4,0,0,0
BRDA:4,0,1,0
BRDA:4,0,2,0
BRDA:11,1,0,0
BRDA:11,1,1,0
BRF:5
BRH:0
end_of_record
TN:
SF:/Users/jonathanwalker/Documents/CODE/hooks-training/src/exercises/13_mobx-global-examples/index.js
FN:7,Exercise14
FN:11,(anonymous_1)
FN:13,(anonymous_2)
FN:14,(anonymous_3)
FN:21,(anonymous_4)
FN:22,(anonymous_5)
FNF:6
FNH:0
FNDA:0,Exercise14
FNDA:0,(anonymous_1)
FNDA:0,(anonymous_2)
FNDA:0,(anonymous_3)
FNDA:0,(anonymous_4)
FNDA:0,(anonymous_5)
DA:8,0
DA:9,0
DA:12,0
DA:13,0
DA:14,0
DA:21,0
DA:23,0
LF:7
LH:0
BRF:0
BRH:0
end_of_record
TN:
SF:/Users/jonathanwalker/Documents/CODE/hooks-training/src/exercises/13_mobx-global-examples/mobx/useGlobalStores/index.js
FN:11,(anonymous_0)
FNF:1
FNH:0
FNDA:0,(anonymous_0)
DA:6,0
DA:11,0
LF:2
LH:0
BRF:0
BRH:0
end_of_record
TN:
SF:/Users/jonathanwalker/Documents/CODE/hooks-training/src/exercises/13_mobx-global-examples/mobx/useGlobalStores/languageStore.js
FN:15,(anonymous_0)
FNF:1
FNH:0
FNDA:0,(anonymous_0)
DA:3,0
DA:11,0
DA:13,0
DA:16,0
LF:4
LH:0
BRF:0
BRH:0
end_of_record
TN:
SF:/Users/jonathanwalker/Documents/CODE/hooks-training/src/exercises/13_mobx-global-examples/mobx/useGlobalStores/themeStore.js
FN:6,(anonymous_0)
FNF:1
FNH:0
FNDA:0,(anonymous_0)
DA:4,0
DA:7,0
LF:2
LH:0
BRF:0
BRH:0
end_of_record
TN:
SF:/Users/jonathanwalker/Documents/CODE/hooks-training/src/exercises/14_mobx-local-examples/index.js
FN:6,Exercise13
FN:15,(anonymous_1)
FN:26,(anonymous_2)
FN:31,(anonymous_3)
FN:46,(anonymous_4)
FN:52,(anonymous_5)
FN:56,(anonymous_6)
FNF:7
FNH:0
FNDA:0,Exercise13
FNDA:0,(anonymous_1)
FNDA:0,(anonymous_2)
FNDA:0,(anonymous_3)
FNDA:0,(anonymous_4)
FNDA:0,(anonymous_5)
FNDA:0,(anonymous_6)
DA:7,0
DA:8,0
DA:9,0
DA:11,0
DA:13,0
DA:16,0
DA:26,0
DA:32,0
DA:33,0
DA:46,0
DA:52,0
DA:57,0
DA:58,0
LF:13
LH:0
BRDA:11,0,0,0
BRDA:11,0,1,0
BRDA:71,1,0,0
BRDA:71,1,1,0
BRF:4
BRH:0
end_of_record
TN:
SF:/Users/jonathanwalker/Documents/CODE/hooks-training/src/exercises/14_mobx-local-examples/mobx/catsStore/index.js
FN:4,createCatsStore
FN:7,(anonymous_1)
FN:13,(anonymous_2)
FN:15,(anonymous_3)
FN:22,(anonymous_4)
FN:23,(anonymous_5)
FN:25,(anonymous_6)
FN:26,(anonymous_7)
FN:28,(anonymous_8)
FN:29,(anonymous_9)
FN:31,(anonymous_10)
FN:39,(anonymous_11)
FN:44,(anonymous_12)
FNF:13
FNH:0
FNDA:0,createCatsStore
FNDA:0,(anonymous_1)
FNDA:0,(anonymous_2)
FNDA:0,(anonymous_3)
FNDA:0,(anonymous_4)
FNDA:0,(anonymous_5)
FNDA:0,(anonymous_6)
FNDA:0,(anonymous_7)
FNDA:0,(anonymous_8)
FNDA:0,(anonymous_9)
FNDA:0,(anonymous_10)
FNDA:0,(anonymous_11)
FNDA:0,(anonymous_12)
DA:5,0
DA:8,0
DA:9,0
DA:14,0
DA:15,0
DA:16,0
DA:17,0
DA:19,0
DA:23,0
DA:26,0
DA:29,0
DA:32,0
DA:37,0
DA:39,0
DA:40,0
DA:41,0
DA:44,0
DA:45,0
DA:46,0
DA:48,0
DA:50,0
LF:21
LH:0
BRDA:8,0,0,0
BRDA:8,0,1,0
BRDA:14,1,0,0
BRDA:14,1,1,0
BRDA:16,2,0,0
BRDA:16,2,1,0
BRDA:46,3,0,0
BRDA:46,3,1,0
BRF:8
BRH:0
end_of_record
TN:
SF:/Users/jonathanwalker/Documents/CODE/hooks-training/src/exercises/15_test-custom-hook/renderCustomHook.js
FN:5,renderCustomHook
FN:6,(anonymous_1)
FN:9,(anonymous_2)
FN:12,(anonymous_3)
FNF:4
FNH:4
FNDA:12,renderCustomHook
FNDA:28,(anonymous_1)
FNDA:12,(anonymous_2)
FNDA:28,(anonymous_3)
DA:6,28
DA:7,12
DA:9,12
DA:10,12
DA:13,28
DA:14,28
DA:20,12
LF:7
LH:7
BRF:0
BRH:0
end_of_record
TN:
SF:/Users/jonathanwalker/Documents/CODE/hooks-training/src/exercises/15_test-custom-hook/useClassicState.js
FN:7,useClassicState
FN:10,(anonymous_1)
FN:11,(anonymous_2)
FNF:3
FNH:0
FNDA:0,useClassicState
FNDA:0,(anonymous_1)
FNDA:0,(anonymous_2)
DA:8,0
DA:10,0
DA:11,0
DA:17,0
LF:4
LH:0
BRF:0
BRH:0
end_of_record
TN:
SF:/Users/jonathanwalker/Documents/CODE/hooks-training/src/exercises/16_putting-it-all-together/index.js
FN:7,(anonymous_0)
FN:9,Exercise16
FN:29,(anonymous_2)
FNF:3
FNH:0
FNDA:0,(anonymous_0)
FNDA:0,Exercise16
FNDA:0,(anonymous_2)
DA:7,0
DA:16,0
DA:17,0
DA:30,0
LF:4
LH:0
BRDA:9,0,0,0
BRDA:28,1,0,0
BRDA:28,1,1,0
BRDA:34,2,0,0
BRDA:34,2,1,0
BRF:5
BRH:0
end_of_record
TN:
SF:/Users/jonathanwalker/Documents/CODE/hooks-training/src/exercises/16_putting-it-all-together/utils.js
FN:1,normalizeArrowKey
FNF:1
FNH:1
FNDA:9,normalizeArrowKey
DA:2,9
DA:7,9
DA:10,1
DA:21,1
DA:229,1
LF:5
LH:5
BRF:0
BRH:0
end_of_record
TN:
SF:/Users/jonathanwalker/Documents/CODE/hooks-training/src/exercises/16_putting-it-all-together/hooks/useComboBox.js
FN:6,(anonymous_0)
FN:8,useComboBox
FN:47,(anonymous_2)
FN:50,(anonymous_3)
FN:53,(anonymous_4)
FN:61,(anonymous_5)
FN:62,(anonymous_6)
FNF:7
FNH:0
FNDA:0,(anonymous_0)
FNDA:0,useComboBox
FNDA:0,(anonymous_2)
FNDA:0,(anonymous_3)
FNDA:0,(anonymous_4)
FNDA:0,(anonymous_5)
FNDA:0,(anonymous_6)
DA:6,0
DA:19,0
DA:21,0
DA:23,0
DA:26,0
DA:29,0
DA:47,0
DA:55,0
DA:61,0
DA:73,0
LF:10
LH:0
BRDA:8,0,0,0
BRDA:9,1,0,0
BRDA:10,2,0,0
BRDA:11,3,0,0
BRDA:12,4,0,0
BRDA:13,5,0,0
BRDA:14,6,0,0
BRF:7
BRH:0
end_of_record
TN:
SF:/Users/jonathanwalker/Documents/CODE/hooks-training/src/exercises/16_putting-it-all-together/hooks/completed/useComboBox.js
FN:6,(anonymous_0)
FN:8,useComboBox
FN:27,(anonymous_2)
FN:28,(anonymous_3)
FN:32,(anonymous_4)
FN:33,(anonymous_5)
FN:36,(anonymous_6)
FN:38,(anonymous_7)
FN:41,(anonymous_8)
FN:43,(anonymous_9)
FN:52,(anonymous_10)
FN:55,(anonymous_11)
FN:61,(anonymous_12)
FN:71,(anonymous_13)
FN:72,(anonymous_14)
FN:79,(anonymous_15)
FN:84,(anonymous_16)
FNF:17
FNH:16
FNDA:0,(anonymous_0)
FNDA:32,useComboBox
FNDA:21,(anonymous_2)
FNDA:81,(anonymous_3)
FNDA:27,(anonymous_4)
FNDA:4,(anonymous_5)
FNDA:3,(anonymous_6)
FNDA:4,(anonymous_7)
FNDA:3,(anonymous_8)
FNDA:1,(anonymous_9)
FNDA:20,(anonymous_10)
FNDA:4,(anonymous_11)
FNDA:9,(anonymous_12)
FNDA:1,(anonymous_13)
FNDA:1,(anonymous_14)
FNDA:4,(anonymous_15)
FNDA:3,(anonymous_16)
DA:6,1
DA:17,32
DA:19,32
DA:21,32
DA:24,32
DA:27,32
DA:28,81
DA:32,32
DA:34,4
DA:36,4
DA:39,4
DA:41,4
DA:44,1
DA:46,1
DA:47,1
DA:52,32
DA:56,4
DA:59,4
DA:63,9
DA:64,9
DA:65,9
DA:71,32
DA:73,1
DA:74,1
DA:79,32
DA:80,4
DA:84,32
DA:85,3
DA:86,2
DA:90,32
LF:30
LH:30
BRDA:8,0,0,1
BRDA:9,1,0,28
BRDA:10,2,0,31
BRDA:11,3,0,31
BRDA:12,4,0,31
BRDA:13,5,0,4
BRDA:14,6,0,28
BRDA:36,7,0,3
BRDA:36,7,1,1
BRDA:41,8,0,3
BRDA:41,8,1,1
BRDA:59,9,0,4
BRDA:59,9,1,0
BRDA:59,10,0,4
BRDA:59,10,1,4
BRDA:64,11,0,9
BRDA:64,11,1,0
BRDA:64,12,0,9
BRDA:64,12,1,9
BRDA:85,13,0,2
BRDA:85,13,1,1
BRDA:85,14,0,3
BRDA:85,14,1,3
BRF:23
BRH:21
end_of_record
TN:
SF:/Users/jonathanwalker/Documents/CODE/hooks-training/src/exercises/1_use-state/index.js
FN:10,(anonymous_0)
FN:11,(anonymous_1)
FN:14,(anonymous_2)
FNF:3
FNH:0
FNDA:0,(anonymous_0)
FNDA:0,(anonymous_1)
FNDA:0,(anonymous_2)
DA:8,0
DA:10,0
DA:11,0
DA:15,0
LF:4
LH:0
BRDA:18,0,0,0
BRDA:18,0,1,0
BRF:2
BRH:0
end_of_record
TN:
SF:/Users/jonathanwalker/Documents/CODE/hooks-training/src/exercises/1_use-state/completed/index.js
FN:5,Exercise1
FN:9,(anonymous_1)
FNF:2
FNH:0
FNDA:0,Exercise1
FNDA:0,(anonymous_1)
DA:6,0
DA:7,0
DA:9,0
LF:3
LH:0
BRDA:10,0,0,0
BRDA:10,0,1,0
BRF:2
BRH:0
end_of_record
TN:
SF:/Users/jonathanwalker/Documents/CODE/hooks-training/src/exercises/2_use-effect/index.js
FN:12,(anonymous_0)
FN:16,(anonymous_1)
FN:21,(anonymous_2)
FN:22,(anonymous_3)
FN:25,(anonymous_4)
FNF:5
FNH:0
FNDA:0,(anonymous_0)
FNDA:0,(anonymous_1)
FNDA:0,(anonymous_2)
FNDA:0,(anonymous_3)
FNDA:0,(anonymous_4)
DA:7,0
DA:13,0
DA:17,0
DA:21,0
DA:22,0
DA:26,0
LF:6
LH:0
BRDA:13,0,0,0
BRDA:13,0,1,0
BRDA:17,1,0,0
BRDA:17,1,1,0
BRF:4
BRH:0
end_of_record
TN:
SF:/Users/jonathanwalker/Documents/CODE/hooks-training/src/exercises/2_use-effect/completed/index.js
FN:5,Exercise2
FN:8,(anonymous_1)
FN:12,(anonymous_2)
FNF:3
FNH:0
FNDA:0,Exercise2
FNDA:0,(anonymous_1)
FNDA:0,(anonymous_2)
DA:6,0
DA:8,0
DA:9,0
DA:12,0
LF:4
LH:0
BRDA:9,0,0,0
BRDA:9,0,1,0
BRF:2
BRH:0
end_of_record
TN:
SF:/Users/jonathanwalker/Documents/CODE/hooks-training/src/exercises/3_use-effect-tidy-up/index.js
FN:11,(anonymous_0)
FN:15,(anonymous_1)
FN:20,(anonymous_2)
FN:25,(anonymous_3)
FNF:4
FNH:0
FNDA:0,(anonymous_0)
FNDA:0,(anonymous_1)
FNDA:0,(anonymous_2)
FNDA:0,(anonymous_3)
DA:6,0
DA:12,0
DA:16,0
DA:20,0
DA:21,0
DA:22,0
DA:26,0
LF:7
LH:0
BRDA:21,0,0,0
BRDA:21,0,1,0
BRDA:21,0,2,0
BRF:3
BRH:0
end_of_record
TN:
SF:/Users/jonathanwalker/Documents/CODE/hooks-training/src/exercises/3_use-effect-tidy-up/completed/index.js
FN:3,usePageYOffset
FN:6,(anonymous_1)
FN:8,handleScroll
FN:17,(anonymous_3)
FN:23,Exercise3
FNF:5
FNH:0
FNDA:0,usePageYOffset
FNDA:0,(anonymous_1)
FNDA:0,handleScroll
FNDA:0,(anonymous_3)
FNDA:0,Exercise3
DA:4,0
DA:6,0
DA:9,0
DA:10,0
DA:14,0
DA:17,0
DA:20,0
DA:24,0
DA:25,0
LF:9
LH:0
BRDA:9,0,0,0
BRDA:9,0,1,0
BRDA:9,0,2,0
BRF:3
BRH:0
end_of_record
TN:
SF:/Users/jonathanwalker/Documents/CODE/hooks-training/src/exercises/4_use-reducer/index.js
FN:17,(anonymous_0)
FN:22,(anonymous_1)
FN:26,(anonymous_2)
FN:30,(anonymous_3)
FN:33,(anonymous_4)
FN:36,(anonymous_5)
FN:39,(anonymous_6)
FNF:7
FNH:0
FNDA:0,(anonymous_0)
FNDA:0,(anonymous_1)
FNDA:0,(anonymous_2)
FNDA:0,(anonymous_3)
FNDA:0,(anonymous_4)
FNDA:0,(anonymous_5)
FNDA:0,(anonymous_6)
DA:8,0
DA:15,0
DA:17,0
DA:18,0
DA:19,0
DA:21,0
DA:22,0
DA:23,0
DA:26,0
DA:30,0
DA:33,0
DA:34,0
DA:36,0
DA:40,0
LF:14
LH:0
BRDA:18,0,0,0
BRDA:18,0,1,0
BRF:2
BRH:0
end_of_record
TN:
SF:/Users/jonathanwalker/Documents/CODE/hooks-training/src/exercises/4_use-reducer/completed/index.js
FN:8,useStopWatch
FN:14,handleRunClick
FN:19,(anonymous_2)
FN:26,handleClearClick
FN:36,Exercise4
FNF:5
FNH:0
FNDA:0,useStopWatch
FNDA:0,handleRunClick
FNDA:0,(anonymous_2)
FNDA:0,handleClearClick
FNDA:0,Exercise4
DA:10,0
DA:12,0
DA:15,0
DA:16,0
DA:18,0
DA:19,0
DA:20,0
DA:23,0
DA:27,0
DA:28,0
DA:31,0
DA:37,0
DA:38,0
DA:39,0
LF:14
LH:0
BRDA:15,0,0,0
BRDA:15,0,1,0
BRF:2
BRH:0
end_of_record
TN:
SF:/Users/jonathanwalker/Documents/CODE/hooks-training/src/exercises/4_use-reducer/helpers/index.js
FN:12,StopWatch
FN:37,reducer
FNF:2
FNH:0
FNDA:0,StopWatch
FNDA:0,reducer
DA:3,0
DA:15,0
DA:38,0
DA:40,0
DA:43,0
DA:49,0
DA:55,0
LF:7
LH:0
BRDA:28,0,0,0
BRDA:28,0,1,0
BRDA:38,1,0,0
BRDA:38,1,1,0
BRDA:38,1,2,0
BRDA:38,1,3,0
BRF:6
BRH:0
end_of_record
TN:
SF:/Users/jonathanwalker/Documents/CODE/hooks-training/src/exercises/5_use-memo/index.js
FN:11,(anonymous_0)
FN:12,(anonymous_1)
FN:15,(anonymous_2)
FN:19,(anonymous_3)
FNF:4
FNH:0
FNDA:0,(anonymous_0)
FNDA:0,(anonymous_1)
FNDA:0,(anonymous_2)
FNDA:0,(anonymous_3)
DA:6,0
DA:11,0
DA:12,0
DA:15,0
DA:16,0
DA:22,0
DA:24,0
LF:7
LH:0
BRF:0
BRH:0
end_of_record
TN:
SF:/Users/jonathanwalker/Documents/CODE/hooks-training/src/exercises/5_use-memo/completed/index.js
FN:5,Exercise5
FN:9,(anonymous_1)
FN:17,(anonymous_2)
FN:18,(anonymous_3)
FNF:4
FNH:0
FNDA:0,Exercise5
FNDA:0,(anonymous_1)
FNDA:0,(anonymous_2)
FNDA:0,(anonymous_3)
DA:6,0
DA:7,0
DA:9,0
DA:11,0
DA:17,0
DA:18,0
LF:6
LH:0
BRF:0
BRH:0
end_of_record
TN:
SF:/Users/jonathanwalker/Documents/CODE/hooks-training/src/exercises/5_use-memo/helpers/index.js
FN:3,getPrimes
FN:19,(anonymous_1)
FNF:2
FNH:0
FNDA:0,getPrimes
FNDA:0,(anonymous_1)
DA:4,0
DA:5,0
DA:6,0
DA:7,0
DA:9,0
DA:10,0
DA:11,0
DA:15,0
DA:20,0
DA:23,0
DA:24,0
LF:11
LH:0
BRDA:7,0,0,0
BRDA:7,0,1,0
BRDA:43,1,0,0
BRDA:43,1,1,0
BRF:4
BRH:0
end_of_record
TN:
SF:/Users/jonathanwalker/Documents/CODE/hooks-training/src/exercises/6_use-callback/index.js
FN:5,Exercise5
FN:10,(anonymous_1)
FN:21,(anonymous_2)
FN:22,(anonymous_3)
FN:33,(anonymous_4)
FNF:5
FNH:0
FNDA:0,Exercise5
FNDA:0,(anonymous_1)
FNDA:0,(anonymous_2)
FNDA:0,(anonymous_3)
FNDA:0,(anonymous_4)
DA:6,0
DA:7,0
DA:8,0
DA:10,0
DA:13,0
DA:21,0
DA:22,0
DA:33,0
LF:8
LH:0
BRF:0
BRH:0
end_of_record
TN:
SF:/Users/jonathanwalker/Documents/CODE/hooks-training/src/exercises/6_use-callback/completed/index.js
FN:5,Exercise5
FN:10,(anonymous_1)
FN:12,(anonymous_2)
FN:16,(anonymous_3)
FN:38,(anonymous_4)
FNF:5
FNH:0
FNDA:0,Exercise5
FNDA:0,(anonymous_1)
FNDA:0,(anonymous_2)
FNDA:0,(anonymous_3)
FNDA:0,(anonymous_4)
DA:6,0
DA:7,0
DA:8,0
DA:10,0
DA:12,0
DA:13,0
DA:16,0
DA:17,0
DA:20,0
DA:38,0
LF:10
LH:0
BRF:0
BRH:0
end_of_record
TN:
SF:/Users/jonathanwalker/Documents/CODE/hooks-training/src/exercises/7_use-context/index.js
FN:10,(anonymous_0)
FN:16,(anonymous_1)
FN:20,(anonymous_2)
FN:24,(anonymous_3)
FN:44,(anonymous_4)
FN:65,(anonymous_5)
FNF:6
FNH:0
FNDA:0,(anonymous_0)
FNDA:0,(anonymous_1)
FNDA:0,(anonymous_2)
FNDA:0,(anonymous_3)
FNDA:0,(anonymous_4)
FNDA:0,(anonymous_5)
DA:6,0
DA:10,0
DA:11,0
DA:13,0
DA:16,0
DA:17,0
DA:20,0
DA:21,0
DA:26,0
DA:29,0
DA:30,0
DA:44,0
DA:65,0
DA:78,0
LF:14
LH:0
BRDA:71,0,0,0
BRDA:71,0,1,0
BRF:2
BRH:0
end_of_record
TN:
SF:/Users/jonathanwalker/Documents/CODE/hooks-training/src/exercises/7_use-context/completed/index.js
FN:5,Exercise8
FN:12,handleNewBreed
FN:19,(anonymous_2)
FN:31,(anonymous_3)
FN:49,(anonymous_4)
FN:52,(anonymous_5)
FNF:6
FNH:0
FNDA:0,Exercise8
FNDA:0,handleNewBreed
FNDA:0,(anonymous_2)
FNDA:0,(anonymous_3)
FNDA:0,(anonymous_4)
FNDA:0,(anonymous_5)
DA:7,0
DA:10,0
DA:13,0
DA:14,0
DA:17,0
DA:19,0
DA:31,0
DA:49,0
DA:52,0
LF:9
LH:0
BRDA:58,0,0,0
BRDA:58,0,1,0
BRF:2
BRH:0
end_of_record
TN:
SF:/Users/jonathanwalker/Documents/CODE/hooks-training/src/exercises/8_local-storage-exercise/index.js
FN:3,Exercise7
FN:12,(anonymous_1)
FNF:2
FNH:0
FNDA:0,Exercise7
FNDA:0,(anonymous_1)
DA:4,0
DA:6,0
DA:12,0
LF:3
LH:0
BRF:0
BRH:0
end_of_record
TN:
SF:/Users/jonathanwalker/Documents/CODE/hooks-training/src/exercises/8_local-storage-exercise/completed/index.js
FN:3,useLocalStorage
FN:4,(anonymous_1)
FN:15,setStoredValue
FN:29,Exercise7
FN:38,(anonymous_4)
FNF:5
FNH:0
FNDA:0,useLocalStorage
FNDA:0,(anonymous_1)
FNDA:0,setStoredValue
FNDA:0,Exercise7
FNDA:0,(anonymous_4)
DA:4,0
DA:5,0
DA:7,0
DA:9,0
DA:11,0
DA:16,0
DA:18,0
DA:20,0
DA:22,0
DA:26,0
DA:30,0
DA:32,0
DA:38,0
LF:13
LH:0
BRDA:9,0,0,0
BRDA:9,0,1,0
BRF:2
BRH:0
end_of_record
TN:
SF:/Users/jonathanwalker/Documents/CODE/hooks-training/src/exercises/9_html-form-exercise/index.js
FN:3,Exercise9
FN:9,handleSubmit
FNF:2
FNH:0
FNDA:0,Exercise9
FNDA:0,handleSubmit
DA:4,0
DA:10,0
DA:11,0
DA:12,0
DA:13,0
DA:14,0
DA:15,0
DA:17,0
DA:21,0
LF:9
LH:0
BRDA:30,0,0,0
BRDA:30,0,1,0
BRDA:31,1,0,0
BRDA:31,1,1,0
BRF:4
BRH:0
end_of_record
TN:
SF:/Users/jonathanwalker/Documents/CODE/hooks-training/src/toys/StateProvider/index.js
FN:21,(anonymous_0)
FN:22,(anonymous_1)
FNF:2
FNH:0
FNDA:0,(anonymous_0)
FNDA:0,(anonymous_1)
DA:3,0
DA:17,0
DA:18,0
DA:19,0
DA:21,0
DA:22,0
DA:23,0
DA:25,0
DA:26,0
DA:35,0
DA:38,0
DA:39,0
DA:45,0
DA:49,0
LF:14
LH:0
BRDA:23,0,0,0
BRDA:23,0,1,0
BRDA:23,0,2,0
BRDA:23,0,3,0
BRDA:25,1,0,0
BRDA:25,1,1,0
BRDA:38,2,0,0
BRDA:38,2,1,0
BRF:8
BRH:0
end_of_record
TN:
SF:/Users/jonathanwalker/Documents/CODE/hooks-training/src/toys/Switch/index.js
FN:4,(anonymous_0)
FN:7,(anonymous_1)
FNF:2
FNH:0
FNDA:0,(anonymous_0)
FNDA:0,(anonymous_1)
DA:4,0
DA:14,0
DA:15,0
DA:22,0
LF:4
LH:0
BRDA:10,0,0,0
BRDA:18,1,0,0
BRDA:18,1,1,0
BRDA:24,2,0,0
BRDA:24,2,1,0
BRF:5
BRH:0
end_of_record
